<!DOCTYPE html PUBLIC "-//W3C//DTD XHTML 1.1//EN" "https://www.w3.org/TR/xhtml11/DTD/xhtml11.dtd">
<html xmlns="https://www.w3.org/1999/xhtml">
<head>
<meta http-equiv="content-type" content="text/html; charset=UTF-8"/>
<title>TestNG Report</title>
<style type="text/css">table {margin-bottom:10px;border-collapse:collapse;empty-cells:show}th,td {border:1px solid #009;padding:.25em .5em}th {vertical-align:bottom}td {vertical-align:top}table a {font-weight:bold}.stripe td {background-color: #E6EBF9}.num {text-align:right}.passedodd td {background-color: #3F3}.passedeven td {background-color: #0A0}.skippedodd td {background-color: #DDD}.skippedeven td {background-color: #CCC}.failedodd td,.attn {background-color: #F33}.failedeven td,.stripe .attn {background-color: #D00}.stacktrace {white-space:pre;font-family:monospace}.totop {font-size:85%;text-align:center;border-bottom:2px solid #000}.invisible {display:none}</style>
</head>
<body>
<table>
<tr><th>Test</th><th># Passed</th><th># Skipped</th><th># Retried</th><th># Failed</th><th>Time (ms)</th><th>Included Groups</th><th>Excluded Groups</th></tr>
<tr><th colspan="8">Unique Url Payment Page Automation Test Suite</th></tr>
<tr><td><a href="#t0">Unique Url Pages Test Cases</a></td><td class="num">26</td><td class="num attn">3</td><td class="num">0</td><td class="num">0</td><td class="num">210,829</td><td></td><td></td></tr>
</table>
<table id='summary'><thead><tr><th>Class</th><th>Method</th><th>Start</th><th>Time (ms)</th></tr></thead><tbody><tr><th colspan="4">Unique Url Payment Page Automation Test Suite</th></tr></tbody><tbody id="t0"><tr><th colspan="4">Unique Url Pages Test Cases &#8212; failed (configuration methods)</th></tr><tr class="failedeven"><td rowspan="1">com.payment.qa.testcases.PaymentDetailsPageTest</td><td><a href="#m0">setup</a></td><td rowspan="1">1622607143105</td><td rowspan="1">6371</td></tr><tr><th colspan="4">Unique Url Pages Test Cases &#8212; skipped (configuration methods)</th></tr><tr class="skippedeven"><td rowspan="5">com.payment.qa.testcases.PaymentDetailsPageTest</td><td><a href="#m1">setup</a></td><td rowspan="2">1622607149498</td><td rowspan="2">-1622607149498</td></tr><tr class="skippedeven"><td><a href="#m2">setup</a></td></tr><tr class="skippedeven"><td><a href="#m3">teardown</a></td><td rowspan="3">1622607149595</td><td rowspan="3">-1622607149595</td></tr><tr class="skippedeven"><td><a href="#m4">teardown</a></td></tr><tr class="skippedeven"><td><a href="#m5">teardown</a></td></tr><tr><th colspan="4">Unique Url Pages Test Cases &#8212; skipped</th></tr><tr class="skippedeven"><td rowspan="3">com.payment.qa.testcases.PaymentDetailsPageTest</td><td><a href="#m6">CreateTransactionData</a></td><td rowspan="1">1622607149594</td><td rowspan="1">1</td></tr><tr class="skippedeven"><td><a href="#m7">VerifyPaymentButtonTest</a></td><td rowspan="1">1622607149498</td><td rowspan="1">0</td></tr><tr class="skippedeven"><td><a href="#m8">VerifyYearSelectListTest</a></td><td rowspan="1">1622607149496</td><td rowspan="1">0</td></tr><tr><th colspan="4">Unique Url Pages Test Cases &#8212; passed</th></tr><tr class="passedeven"><td rowspan="6">com.payment.qa.testcases.CouponCodePageTest</td><td><a href="#m9">CustomerInformationStoreNameTest</a></td><td rowspan="1">1622607077076</td><td rowspan="1">62</td></tr><tr class="passedeven"><td><a href="#m10">VerifyApplyButtonTest</a></td><td rowspan="1">1622607096242</td><td rowspan="1">80</td></tr><tr class="passedeven"><td><a href="#m11">VerifyApplyOfferButton</a></td><td rowspan="1">1622607102808</td><td rowspan="1">289</td></tr><tr class="passedeven"><td><a href="#m12">VerifyCouponCodeFieldTest</a></td><td rowspan="1">1622607089997</td><td rowspan="1">76</td></tr><tr class="passedeven"><td><a href="#m13">VerifyCouponCodeLabelTest</a></td><td rowspan="1">1622607083560</td><td rowspan="1">78</td></tr><tr class="passedeven"><td><a href="#m14">VerifyTitleOnCouponPageTest</a></td><td rowspan="1">1622607071908</td><td rowspan="1">16</td></tr><tr class="passedodd"><td rowspan="6">com.payment.qa.testcases.CustomerInformationPageTest</td><td><a href="#m15">CreateNewData</a></td><td rowspan="3">1622607054889</td><td rowspan="3">762</td></tr><tr class="passedodd"><td><a href="#m16">CreateNewData</a></td></tr><tr class="passedodd"><td><a href="#m17">CreateNewData</a></td></tr><tr class="passedodd"><td><a href="#m18">CustomerInformationLogoTest</a></td><td rowspan="1">1622607032354</td><td rowspan="1">107</td></tr><tr class="passedodd"><td><a href="#m19">CustomerInformationStoreNameTest</a></td><td rowspan="1">1622607039188</td><td rowspan="1">51</td></tr><tr class="passedodd"><td><a href="#m20">CustomerInformationTitleTest</a></td><td rowspan="1">1622607023674</td><td rowspan="1">13</td></tr><tr class="passedeven"><td rowspan="4">com.payment.qa.testcases.NetBankingPageTest</td><td><a href="#m21">CustomerInformationLogoTest</a></td><td rowspan="1">1622607168189</td><td rowspan="1">55</td></tr><tr class="passedeven"><td><a href="#m22">CustomerInformationTitleTest</a></td><td rowspan="1">1622607157338</td><td rowspan="1">13</td></tr><tr class="passedeven"><td><a href="#m23">SelectBankTest</a></td><td rowspan="1">1622607181652</td><td rowspan="1">15448</td></tr><tr class="passedeven"><td><a href="#m24">VerifyProceedBtnTest</a></td><td rowspan="1">1622607174635</td><td rowspan="1">48</td></tr><tr class="passedodd"><td rowspan="7">com.payment.qa.testcases.PaymentDetailsPageTest</td><td><a href="#m25">SelectPaymentMethod</a></td><td rowspan="1">1622607114126</td><td rowspan="1">365</td></tr><tr class="passedodd"><td><a href="#m26">VerifyCVVFieldTest</a></td><td rowspan="1">1622607135365</td><td rowspan="1">79</td></tr><tr class="passedodd"><td><a href="#m27">VerifyCardOptionSelected</a></td><td rowspan="1">1622607119522</td><td rowspan="1">30</td></tr><tr class="passedodd"><td><a href="#m28">VerifyMonthSelectListTest</a></td><td rowspan="1">1622607142875</td><td rowspan="1">58</td></tr><tr class="passedodd"><td><a href="#m29">VerifyNameOnCardFieldTest</a></td><td rowspan="1">1622607130107</td><td rowspan="1">67</td></tr><tr class="passedodd"><td><a href="#m30">VerifyPaymentOptionIsSelected</a></td><td rowspan="1">1622607108720</td><td rowspan="1">155</td></tr><tr class="passedodd"><td><a href="#m31">verifyCardNumberFieldPresent</a></td><td rowspan="1">1622607124763</td><td rowspan="1">59</td></tr><tr class="passedeven"><td rowspan="3">com.payment.qa.testcases.UpiPageTest</td><td><a href="#m32">VerifyUPIFieldAvailableTest</a></td><td rowspan="1">1622607210382</td><td rowspan="1">81</td></tr><tr class="passedeven"><td><a href="#m33">VerifyUPIOptionSelectedTest</a></td><td rowspan="1">1622607203972</td><td rowspan="1">44</td></tr><tr class="passedeven"><td><a href="#m34">verifyPayButtonTest</a></td><td rowspan="1">1622607216737</td><td rowspan="1">1734</td></tr></tbody>
</table>
<h2>Unique Url Pages Test Cases</h2><h3 id="m0">com.payment.qa.testcases.PaymentDetailsPageTest#setup</h3><table class="result"><tr><th>Exception</th></tr><tr><td><div class="stacktrace">org.openqa.selenium.WebDriverException: disconnected: not connected to DevTools
  (Session info: chrome=91.0.4472.77)
Build info: version: &apos;3.141.59&apos;, revision: &apos;e82be7d358&apos;, time: &apos;2018-11-14T08:17:03&apos;
System info: host: &apos;Ambrishs-Air&apos;, ip: &apos;2409:4043:18:f7a9:8cf1:fecf:a7a:da33%en0&apos;, os.name: &apos;Mac OS X&apos;, os.arch: &apos;x86_64&apos;, os.version: &apos;10.16&apos;, java.version: &apos;15.0.2&apos;
Driver info: org.openqa.selenium.chrome.ChromeDriver
Capabilities {acceptInsecureCerts: false, browserName: chrome, browserVersion: 91.0.4472.77, chrome: {chromedriverVersion: 90.0.4430.24 (4c6d850f087da..., userDataDir: /var/folders/dy/nvj0bpfx62j...}, goog:chromeOptions: {debuggerAddress: localhost:59979}, javascriptEnabled: true, networkConnectionEnabled: false, pageLoadStrategy: normal, platform: MAC, platformName: MAC, proxy: Proxy(), setWindowRect: true, strictFileInteractability: false, timeouts: {implicit: 0, pageLoad: 300000, script: 30000}, unhandledPromptBehavior: dismiss and notify, webauthn:extension:largeBlob: true, webauthn:virtualAuthenticators: true}
Session ID: f52a5339d05c406496b57b8d97699f30
	at org.openqa.selenium.remote.http.W3CHttpResponseCodec.createException(W3CHttpResponseCodec.java:187)
	at org.openqa.selenium.remote.http.W3CHttpResponseCodec.decode(W3CHttpResponseCodec.java:122)
	at org.openqa.selenium.remote.http.W3CHttpResponseCodec.decode(W3CHttpResponseCodec.java:49)
	at org.openqa.selenium.remote.HttpCommandExecutor.execute(HttpCommandExecutor.java:158)
	at org.openqa.selenium.remote.service.DriverCommandExecutor.execute(DriverCommandExecutor.java:83)
	at org.openqa.selenium.remote.RemoteWebDriver.execute(RemoteWebDriver.java:552)
	at org.openqa.selenium.remote.RemoteWebElement.execute(RemoteWebElement.java:285)
	at org.openqa.selenium.remote.RemoteWebElement.sendKeys(RemoteWebElement.java:106)
	at org.openqa.selenium.support.pagefactory.internal.LocatingElementHandler.invoke(LocatingElementHandler.java:51)
	at com.sun.proxy.$Proxy12.sendKeys(Unknown Source)
	at com.payment.qa.pages.CustomerInformationPage.EnterCustomerInformation(CustomerInformationPage.java:78)
	at com.payment.qa.testcases.PaymentDetailsPageTest.setup(PaymentDetailsPageTest.java:40)
	at java.base/java.util.ArrayList.forEach(ArrayList.java:1511)
	at com.intellij.rt.testng.IDEARemoteTestNG.run(IDEARemoteTestNG.java:66)
	at com.intellij.rt.testng.RemoteTestNGStarter.main(RemoteTestNGStarter.java:109)
... Removed 36 stack frames</div></td></tr></table><p class="totop"><a href="#summary">back to summary</a></p>
<h3 id="m1">com.payment.qa.testcases.PaymentDetailsPageTest#setup</h3><table class="result"><tr><th class="invisible"/></tr></table><p class="totop"><a href="#summary">back to summary</a></p>
<h3 id="m2">com.payment.qa.testcases.PaymentDetailsPageTest#setup</h3><table class="result"><tr><th class="invisible"/></tr></table><p class="totop"><a href="#summary">back to summary</a></p>
<h3 id="m3">com.payment.qa.testcases.PaymentDetailsPageTest#teardown</h3><table class="result"><tr><th class="invisible"/></tr></table><p class="totop"><a href="#summary">back to summary</a></p>
<h3 id="m4">com.payment.qa.testcases.PaymentDetailsPageTest#teardown</h3><table class="result"><tr><th class="invisible"/></tr></table><p class="totop"><a href="#summary">back to summary</a></p>
<h3 id="m5">com.payment.qa.testcases.PaymentDetailsPageTest#teardown</h3><table class="result"><tr><th class="invisible"/></tr></table><p class="totop"><a href="#summary">back to summary</a></p>
<h3 id="m6">com.payment.qa.testcases.PaymentDetailsPageTest#CreateTransactionData</h3><table class="result"><tr class="param"><th>Parameter #1</th><th>Parameter #2</th><th>Parameter #3</th><th>Parameter #4</th><th>Parameter #5</th></tr><tr class="param stripe"><td>2223520443560010</td><td>Test</td><td>737</td><td>Nov</td><td>2023</td></tr><tr><th colspan="5">Exception</th></tr><tr><td colspan="5"><div class="stacktrace">org.openqa.selenium.WebDriverException: disconnected: not connected to DevTools
  (Session info: chrome=91.0.4472.77)
Build info: version: &apos;3.141.59&apos;, revision: &apos;e82be7d358&apos;, time: &apos;2018-11-14T08:17:03&apos;
System info: host: &apos;Ambrishs-Air&apos;, ip: &apos;2409:4043:18:f7a9:8cf1:fecf:a7a:da33%en0&apos;, os.name: &apos;Mac OS X&apos;, os.arch: &apos;x86_64&apos;, os.version: &apos;10.16&apos;, java.version: &apos;15.0.2&apos;
Driver info: org.openqa.selenium.chrome.ChromeDriver
Capabilities {acceptInsecureCerts: false, browserName: chrome, browserVersion: 91.0.4472.77, chrome: {chromedriverVersion: 90.0.4430.24 (4c6d850f087da..., userDataDir: /var/folders/dy/nvj0bpfx62j...}, goog:chromeOptions: {debuggerAddress: localhost:59979}, javascriptEnabled: true, networkConnectionEnabled: false, pageLoadStrategy: normal, platform: MAC, platformName: MAC, proxy: Proxy(), setWindowRect: true, strictFileInteractability: false, timeouts: {implicit: 0, pageLoad: 300000, script: 30000}, unhandledPromptBehavior: dismiss and notify, webauthn:extension:largeBlob: true, webauthn:virtualAuthenticators: true}
Session ID: f52a5339d05c406496b57b8d97699f30
	at org.openqa.selenium.remote.http.W3CHttpResponseCodec.createException(W3CHttpResponseCodec.java:187)
	at org.openqa.selenium.remote.http.W3CHttpResponseCodec.decode(W3CHttpResponseCodec.java:122)
	at org.openqa.selenium.remote.http.W3CHttpResponseCodec.decode(W3CHttpResponseCodec.java:49)
	at org.openqa.selenium.remote.HttpCommandExecutor.execute(HttpCommandExecutor.java:158)
	at org.openqa.selenium.remote.service.DriverCommandExecutor.execute(DriverCommandExecutor.java:83)
	at org.openqa.selenium.remote.RemoteWebDriver.execute(RemoteWebDriver.java:552)
	at org.openqa.selenium.remote.RemoteWebElement.execute(RemoteWebElement.java:285)
	at org.openqa.selenium.remote.RemoteWebElement.sendKeys(RemoteWebElement.java:106)
	at org.openqa.selenium.support.pagefactory.internal.LocatingElementHandler.invoke(LocatingElementHandler.java:51)
	at com.sun.proxy.$Proxy12.sendKeys(Unknown Source)
	at com.payment.qa.pages.CustomerInformationPage.EnterCustomerInformation(CustomerInformationPage.java:78)
	at com.payment.qa.testcases.PaymentDetailsPageTest.setup(PaymentDetailsPageTest.java:40)
	at java.base/java.util.ArrayList.forEach(ArrayList.java:1511)
	at com.intellij.rt.testng.IDEARemoteTestNG.run(IDEARemoteTestNG.java:66)
	at com.intellij.rt.testng.RemoteTestNGStarter.main(RemoteTestNGStarter.java:109)
... Removed 36 stack frames</div></td></tr></table><p class="totop"><a href="#summary">back to summary</a></p>
<h3 id="m7">com.payment.qa.testcases.PaymentDetailsPageTest#VerifyPaymentButtonTest</h3><table class="result"><tr><th>Exception</th></tr><tr><td><div class="stacktrace">org.openqa.selenium.WebDriverException: disconnected: not connected to DevTools
  (Session info: chrome=91.0.4472.77)
Build info: version: &apos;3.141.59&apos;, revision: &apos;e82be7d358&apos;, time: &apos;2018-11-14T08:17:03&apos;
System info: host: &apos;Ambrishs-Air&apos;, ip: &apos;2409:4043:18:f7a9:8cf1:fecf:a7a:da33%en0&apos;, os.name: &apos;Mac OS X&apos;, os.arch: &apos;x86_64&apos;, os.version: &apos;10.16&apos;, java.version: &apos;15.0.2&apos;
Driver info: org.openqa.selenium.chrome.ChromeDriver
Capabilities {acceptInsecureCerts: false, browserName: chrome, browserVersion: 91.0.4472.77, chrome: {chromedriverVersion: 90.0.4430.24 (4c6d850f087da..., userDataDir: /var/folders/dy/nvj0bpfx62j...}, goog:chromeOptions: {debuggerAddress: localhost:59979}, javascriptEnabled: true, networkConnectionEnabled: false, pageLoadStrategy: normal, platform: MAC, platformName: MAC, proxy: Proxy(), setWindowRect: true, strictFileInteractability: false, timeouts: {implicit: 0, pageLoad: 300000, script: 30000}, unhandledPromptBehavior: dismiss and notify, webauthn:extension:largeBlob: true, webauthn:virtualAuthenticators: true}
Session ID: f52a5339d05c406496b57b8d97699f30
	at org.openqa.selenium.remote.http.W3CHttpResponseCodec.createException(W3CHttpResponseCodec.java:187)
	at org.openqa.selenium.remote.http.W3CHttpResponseCodec.decode(W3CHttpResponseCodec.java:122)
	at org.openqa.selenium.remote.http.W3CHttpResponseCodec.decode(W3CHttpResponseCodec.java:49)
	at org.openqa.selenium.remote.HttpCommandExecutor.execute(HttpCommandExecutor.java:158)
	at org.openqa.selenium.remote.service.DriverCommandExecutor.execute(DriverCommandExecutor.java:83)
	at org.openqa.selenium.remote.RemoteWebDriver.execute(RemoteWebDriver.java:552)
	at org.openqa.selenium.remote.RemoteWebElement.execute(RemoteWebElement.java:285)
	at org.openqa.selenium.remote.RemoteWebElement.sendKeys(RemoteWebElement.java:106)
	at org.openqa.selenium.support.pagefactory.internal.LocatingElementHandler.invoke(LocatingElementHandler.java:51)
	at com.sun.proxy.$Proxy12.sendKeys(Unknown Source)
	at com.payment.qa.pages.CustomerInformationPage.EnterCustomerInformation(CustomerInformationPage.java:78)
	at com.payment.qa.testcases.PaymentDetailsPageTest.setup(PaymentDetailsPageTest.java:40)
	at java.base/java.util.ArrayList.forEach(ArrayList.java:1511)
	at com.intellij.rt.testng.IDEARemoteTestNG.run(IDEARemoteTestNG.java:66)
	at com.intellij.rt.testng.RemoteTestNGStarter.main(RemoteTestNGStarter.java:109)
... Removed 36 stack frames</div></td></tr></table><p class="totop"><a href="#summary">back to summary</a></p>
<h3 id="m8">com.payment.qa.testcases.PaymentDetailsPageTest#VerifyYearSelectListTest</h3><table class="result"><tr><th>Exception</th></tr><tr><td><div class="stacktrace">org.openqa.selenium.WebDriverException: disconnected: not connected to DevTools
  (Session info: chrome=91.0.4472.77)
Build info: version: &apos;3.141.59&apos;, revision: &apos;e82be7d358&apos;, time: &apos;2018-11-14T08:17:03&apos;
System info: host: &apos;Ambrishs-Air&apos;, ip: &apos;2409:4043:18:f7a9:8cf1:fecf:a7a:da33%en0&apos;, os.name: &apos;Mac OS X&apos;, os.arch: &apos;x86_64&apos;, os.version: &apos;10.16&apos;, java.version: &apos;15.0.2&apos;
Driver info: org.openqa.selenium.chrome.ChromeDriver
Capabilities {acceptInsecureCerts: false, browserName: chrome, browserVersion: 91.0.4472.77, chrome: {chromedriverVersion: 90.0.4430.24 (4c6d850f087da..., userDataDir: /var/folders/dy/nvj0bpfx62j...}, goog:chromeOptions: {debuggerAddress: localhost:59979}, javascriptEnabled: true, networkConnectionEnabled: false, pageLoadStrategy: normal, platform: MAC, platformName: MAC, proxy: Proxy(), setWindowRect: true, strictFileInteractability: false, timeouts: {implicit: 0, pageLoad: 300000, script: 30000}, unhandledPromptBehavior: dismiss and notify, webauthn:extension:largeBlob: true, webauthn:virtualAuthenticators: true}
Session ID: f52a5339d05c406496b57b8d97699f30
	at org.openqa.selenium.remote.http.W3CHttpResponseCodec.createException(W3CHttpResponseCodec.java:187)
	at org.openqa.selenium.remote.http.W3CHttpResponseCodec.decode(W3CHttpResponseCodec.java:122)
	at org.openqa.selenium.remote.http.W3CHttpResponseCodec.decode(W3CHttpResponseCodec.java:49)
	at org.openqa.selenium.remote.HttpCommandExecutor.execute(HttpCommandExecutor.java:158)
	at org.openqa.selenium.remote.service.DriverCommandExecutor.execute(DriverCommandExecutor.java:83)
	at org.openqa.selenium.remote.RemoteWebDriver.execute(RemoteWebDriver.java:552)
	at org.openqa.selenium.remote.RemoteWebElement.execute(RemoteWebElement.java:285)
	at org.openqa.selenium.remote.RemoteWebElement.sendKeys(RemoteWebElement.java:106)
	at org.openqa.selenium.support.pagefactory.internal.LocatingElementHandler.invoke(LocatingElementHandler.java:51)
	at com.sun.proxy.$Proxy12.sendKeys(Unknown Source)
	at com.payment.qa.pages.CustomerInformationPage.EnterCustomerInformation(CustomerInformationPage.java:78)
	at com.payment.qa.testcases.PaymentDetailsPageTest.setup(PaymentDetailsPageTest.java:40)
	at java.base/java.util.ArrayList.forEach(ArrayList.java:1511)
	at com.intellij.rt.testng.IDEARemoteTestNG.run(IDEARemoteTestNG.java:66)
	at com.intellij.rt.testng.RemoteTestNGStarter.main(RemoteTestNGStarter.java:109)
... Removed 36 stack frames</div></td></tr></table><p class="totop"><a href="#summary">back to summary</a></p>
<h3 id="m9">com.payment.qa.testcases.CouponCodePageTest#CustomerInformationStoreNameTest</h3><table class="result"><tr><th class="invisible"/></tr></table><p class="totop"><a href="#summary">back to summary</a></p>
<h3 id="m10">com.payment.qa.testcases.CouponCodePageTest#VerifyApplyButtonTest</h3><table class="result"><tr><th class="invisible"/></tr></table><p class="totop"><a href="#summary">back to summary</a></p>
<h3 id="m11">com.payment.qa.testcases.CouponCodePageTest#VerifyApplyOfferButton</h3><table class="result"><tr><th class="invisible"/></tr></table><p class="totop"><a href="#summary">back to summary</a></p>
<h3 id="m12">com.payment.qa.testcases.CouponCodePageTest#VerifyCouponCodeFieldTest</h3><table class="result"><tr><th class="invisible"/></tr></table><p class="totop"><a href="#summary">back to summary</a></p>
<h3 id="m13">com.payment.qa.testcases.CouponCodePageTest#VerifyCouponCodeLabelTest</h3><table class="result"><tr><th class="invisible"/></tr></table><p class="totop"><a href="#summary">back to summary</a></p>
<h3 id="m14">com.payment.qa.testcases.CouponCodePageTest#VerifyTitleOnCouponPageTest</h3><table class="result"><tr><th class="invisible"/></tr></table><p class="totop"><a href="#summary">back to summary</a></p>
<h3 id="m15">com.payment.qa.testcases.CustomerInformationPageTest#CreateNewData</h3><table class="result"><tr class="param"><th>Parameter #1</th><th>Parameter #2</th><th>Parameter #3</th><th>Parameter #4</th><th>Parameter #5</th></tr><tr class="param stripe"><td>Test</td><td>t@example.com</td><td>9098007752</td><td>1</td><td>test</td></tr></table><p class="totop"><a href="#summary">back to summary</a></p>
<h3 id="m16">com.payment.qa.testcases.CustomerInformationPageTest#CreateNewData</h3><table class="result"><tr class="param"><th>Parameter #1</th><th>Parameter #2</th><th>Parameter #3</th><th>Parameter #4</th><th>Parameter #5</th></tr><tr class="param stripe"><td>Ambrish</td><td>a@example.com</td><td>9098007752</td><td>1</td><td>Test</td></tr></table><p class="totop"><a href="#summary">back to summary</a></p>
<h3 id="m17">com.payment.qa.testcases.CustomerInformationPageTest#CreateNewData</h3><table class="result"><tr class="param"><th>Parameter #1</th><th>Parameter #2</th><th>Parameter #3</th><th>Parameter #4</th><th>Parameter #5</th></tr><tr class="param stripe"><td>hero</td><td>h@example.com</td><td>9098007752</td><td>18</td><td>hest</td></tr></table><p class="totop"><a href="#summary">back to summary</a></p>
<h3 id="m18">com.payment.qa.testcases.CustomerInformationPageTest#CustomerInformationLogoTest</h3><table class="result"><tr><th class="invisible"/></tr></table><p class="totop"><a href="#summary">back to summary</a></p>
<h3 id="m19">com.payment.qa.testcases.CustomerInformationPageTest#CustomerInformationStoreNameTest</h3><table class="result"><tr><th class="invisible"/></tr></table><p class="totop"><a href="#summary">back to summary</a></p>
<h3 id="m20">com.payment.qa.testcases.CustomerInformationPageTest#CustomerInformationTitleTest</h3><table class="result"><tr><th class="invisible"/></tr></table><p class="totop"><a href="#summary">back to summary</a></p>
<h3 id="m21">com.payment.qa.testcases.NetBankingPageTest#CustomerInformationLogoTest</h3><table class="result"><tr><th class="invisible"/></tr></table><p class="totop"><a href="#summary">back to summary</a></p>
<h3 id="m22">com.payment.qa.testcases.NetBankingPageTest#CustomerInformationTitleTest</h3><table class="result"><tr><th class="invisible"/></tr></table><p class="totop"><a href="#summary">back to summary</a></p>
<h3 id="m23">com.payment.qa.testcases.NetBankingPageTest#SelectBankTest</h3><table class="result"><tr><th class="invisible"/></tr></table><p class="totop"><a href="#summary">back to summary</a></p>
<h3 id="m24">com.payment.qa.testcases.NetBankingPageTest#VerifyProceedBtnTest</h3><table class="result"><tr><th class="invisible"/></tr></table><p class="totop"><a href="#summary">back to summary</a></p>
<h3 id="m25">com.payment.qa.testcases.PaymentDetailsPageTest#SelectPaymentMethod</h3><table class="result"><tr><th class="invisible"/></tr></table><p class="totop"><a href="#summary">back to summary</a></p>
<h3 id="m26">com.payment.qa.testcases.PaymentDetailsPageTest#VerifyCVVFieldTest</h3><table class="result"><tr><th class="invisible"/></tr></table><p class="totop"><a href="#summary">back to summary</a></p>
<h3 id="m27">com.payment.qa.testcases.PaymentDetailsPageTest#VerifyCardOptionSelected</h3><table class="result"><tr><th class="invisible"/></tr></table><p class="totop"><a href="#summary">back to summary</a></p>
<h3 id="m28">com.payment.qa.testcases.PaymentDetailsPageTest#VerifyMonthSelectListTest</h3><table class="result"><tr><th class="invisible"/></tr></table><p class="totop"><a href="#summary">back to summary</a></p>
<h3 id="m29">com.payment.qa.testcases.PaymentDetailsPageTest#VerifyNameOnCardFieldTest</h3><table class="result"><tr><th class="invisible"/></tr></table><p class="totop"><a href="#summary">back to summary</a></p>
<h3 id="m30">com.payment.qa.testcases.PaymentDetailsPageTest#VerifyPaymentOptionIsSelected</h3><table class="result"><tr><th class="invisible"/></tr></table><p class="totop"><a href="#summary">back to summary</a></p>
<h3 id="m31">com.payment.qa.testcases.PaymentDetailsPageTest#verifyCardNumberFieldPresent</h3><table class="result"><tr><th class="invisible"/></tr></table><p class="totop"><a href="#summary">back to summary</a></p>
<h3 id="m32">com.payment.qa.testcases.UpiPageTest#VerifyUPIFieldAvailableTest</h3><table class="result"><tr><th class="invisible"/></tr></table><p class="totop"><a href="#summary">back to summary</a></p>
<h3 id="m33">com.payment.qa.testcases.UpiPageTest#VerifyUPIOptionSelectedTest</h3><table class="result"><tr><th class="invisible"/></tr></table><p class="totop"><a href="#summary">back to summary</a></p>
<h3 id="m34">com.payment.qa.testcases.UpiPageTest#verifyPayButtonTest</h3><table class="result"><tr><th class="invisible"/></tr></table><p class="totop"><a href="#summary">back to summary</a></p>
</body>
</html>
