<!DOCTYPE html>

<html>
  <head>
  <meta charset='utf-8'>
  <title>TestNG reports</title>

    <link type="text/css" href="testng-reports1.css" rel="stylesheet" id="ultra" />
    <link type="text/css" href="testng-reports.css" rel="stylesheet" id="retro" disabled="false"/>
    <script type="text/javascript" src="jquery.min.js"></script>
    <script type="text/javascript" src="testng-reports.js"></script>
    <script type="text/javascript" src="https://www.google.com/jsapi"></script>
    <script type='text/javascript'>
      google.load('visualization', '1', {packages:['table']});
      google.setOnLoadCallback(drawTable);
      var suiteTableInitFunctions = new Array();
      var suiteTableData = new Array();
    </script>
    <!--
      <script type="text/javascript" src="jquery-ui/js/jquery-ui-1.8.16.custom.min.js"></script>
     -->
  </head>

  <body>
    <div class="top-banner-root">
      <span class="top-banner-title-font">Test results</span>
      <button id="button" class="button">Switch Retro Theme</button> <!-- button -->
      <br/>
      <span class="top-banner-font-1">1 suite</span>
    </div> <!-- top-banner-root -->
    <div class="navigator-root">
      <div class="navigator-suite-header">
        <span>All suites</span>
        <a href="#" title="Collapse/expand all the suites" class="collapse-all-link">
          <img src="collapseall.gif" class="collapse-all-icon">
          </img> <!-- collapse-all-icon -->
        </a> <!-- collapse-all-link -->
      </div> <!-- navigator-suite-header -->
      <div class="suite">
        <div class="rounded-window">
          <div class="suite-header light-rounded-window-top">
            <a href="#" panel-name="suite-Unique_Url_Payment_Page_Automation_Test_Suite" class="navigator-link">
              <span class="suite-name border-skipped">Unique Url Payment Page Automation Test Suite</span>
            </a> <!-- navigator-link -->
          </div> <!-- suite-header light-rounded-window-top -->
          <div class="navigator-suite-content">
            <div class="suite-section-title">
              <span>Info</span>
            </div> <!-- suite-section-title -->
            <div class="suite-section-content">
              <ul>
                <li>
                  <a href="#" panel-name="test-xml-Unique_Url_Payment_Page_Automation_Test_Suite" class="navigator-link ">
                    <span>testng.xml</span>
                  </a> <!-- navigator-link  -->
                </li>
                <li>
                  <a href="#" panel-name="testlist-Unique_Url_Payment_Page_Automation_Test_Suite" class="navigator-link ">
                    <span class="test-stats">1 test</span>
                  </a> <!-- navigator-link  -->
                </li>
                <li>
                  <a href="#" panel-name="group-Unique_Url_Payment_Page_Automation_Test_Suite" class="navigator-link ">
                    <span>0 groups</span>
                  </a> <!-- navigator-link  -->
                </li>
                <li>
                  <a href="#" panel-name="times-Unique_Url_Payment_Page_Automation_Test_Suite" class="navigator-link ">
                    <span>Times</span>
                  </a> <!-- navigator-link  -->
                </li>
                <li>
                  <a href="#" panel-name="reporter-Unique_Url_Payment_Page_Automation_Test_Suite" class="navigator-link ">
                    <span>Reporter output</span>
                  </a> <!-- navigator-link  -->
                </li>
                <li>
                  <a href="#" panel-name="ignored-methods-Unique_Url_Payment_Page_Automation_Test_Suite" class="navigator-link ">
                    <span>Ignored methods</span>
                  </a> <!-- navigator-link  -->
                </li>
                <li>
                  <a href="#" panel-name="chronological-Unique_Url_Payment_Page_Automation_Test_Suite" class="navigator-link ">
                    <span>Chronological view</span>
                  </a> <!-- navigator-link  -->
                </li>
              </ul>
            </div> <!-- suite-section-content -->
            <div class="result-section">
              <div class="suite-section-title">
                <span>Results</span>
              </div> <!-- suite-section-title -->
              <div class="suite-section-content">
                <ul>
                  <li>
                    <span class="method-stats">29 methods,  3 skipped,  26 passed</span>
                  </li>
                  <li>
                    <span class="method-list-title skipped">Skipped methods</span>
                    <span class="show-or-hide-methods skipped">
                      <a href="#" panel-name="suite-Unique_Url_Payment_Page_Automation_Test_Suite" class="hide-methods skipped suite-Unique_Url_Payment_Page_Automation_Test_Suite"> (hide)</a> <!-- hide-methods skipped suite-Unique_Url_Payment_Page_Automation_Test_Suite -->
                      <a href="#" panel-name="suite-Unique_Url_Payment_Page_Automation_Test_Suite" class="show-methods skipped suite-Unique_Url_Payment_Page_Automation_Test_Suite"> (show)</a> <!-- show-methods skipped suite-Unique_Url_Payment_Page_Automation_Test_Suite -->
                    </span>
                    <div class="method-list-content skipped suite-Unique_Url_Payment_Page_Automation_Test_Suite">
                      <span>
                        <img src="skipped.png" width="3%"/>
                        <a href="#" panel-name="suite-Unique_Url_Payment_Page_Automation_Test_Suite" title="com.payment.qa.testcases.PaymentDetailsPageTest" class="method navigator-link" hash-for-method="CreateTransactionData(2223520443560010, Test, 737, Nov, 2023)">CreateTransactionData(2223520443560010, Test, 737, Nov, 2023)</a> <!-- method navigator-link -->
                      </span>
                      <br/>
                      <span>
                        <img src="skipped.png" width="3%"/>
                        <a href="#" panel-name="suite-Unique_Url_Payment_Page_Automation_Test_Suite" title="com.payment.qa.testcases.PaymentDetailsPageTest" class="method navigator-link" hash-for-method="VerifyPaymentButtonTest">VerifyPaymentButtonTest</a> <!-- method navigator-link -->
                      </span>
                      <br/>
                      <span>
                        <img src="skipped.png" width="3%"/>
                        <a href="#" panel-name="suite-Unique_Url_Payment_Page_Automation_Test_Suite" title="com.payment.qa.testcases.PaymentDetailsPageTest" class="method navigator-link" hash-for-method="VerifyYearSelectListTest">VerifyYearSelectListTest</a> <!-- method navigator-link -->
                      </span>
                      <br/>
                    </div> <!-- method-list-content skipped suite-Unique_Url_Payment_Page_Automation_Test_Suite -->
                  </li>
                  <li>
                    <span class="method-list-title passed">Passed methods</span>
                    <span class="show-or-hide-methods passed">
                      <a href="#" panel-name="suite-Unique_Url_Payment_Page_Automation_Test_Suite" class="hide-methods passed suite-Unique_Url_Payment_Page_Automation_Test_Suite"> (hide)</a> <!-- hide-methods passed suite-Unique_Url_Payment_Page_Automation_Test_Suite -->
                      <a href="#" panel-name="suite-Unique_Url_Payment_Page_Automation_Test_Suite" class="show-methods passed suite-Unique_Url_Payment_Page_Automation_Test_Suite"> (show)</a> <!-- show-methods passed suite-Unique_Url_Payment_Page_Automation_Test_Suite -->
                    </span>
                    <div class="method-list-content passed suite-Unique_Url_Payment_Page_Automation_Test_Suite">
                      <span>
                        <img src="passed.png" width="3%"/>
                        <a href="#" panel-name="suite-Unique_Url_Payment_Page_Automation_Test_Suite" title="com.payment.qa.testcases.CustomerInformationPageTest" class="method navigator-link" hash-for-method="CreateNewData(Test, t@example.com, 9098007752, 1, test)">CreateNewData(Test, t@example.com, 9098007752, 1, test)</a> <!-- method navigator-link -->
                      </span>
                      <br/>
                      <span>
                        <img src="passed.png" width="3%"/>
                        <a href="#" panel-name="suite-Unique_Url_Payment_Page_Automation_Test_Suite" title="com.payment.qa.testcases.CustomerInformationPageTest" class="method navigator-link" hash-for-method="CreateNewData(Ambrish, a@example.com, 9098007752, 1, Test)">CreateNewData(Ambrish, a@example.com, 9098007752, 1, Test)</a> <!-- method navigator-link -->
                      </span>
                      <br/>
                      <span>
                        <img src="passed.png" width="3%"/>
                        <a href="#" panel-name="suite-Unique_Url_Payment_Page_Automation_Test_Suite" title="com.payment.qa.testcases.CustomerInformationPageTest" class="method navigator-link" hash-for-method="CreateNewData(hero, h@example.com, 9098007752, 18, hest)">CreateNewData(hero, h@example.com, 9098007752, 18, hest)</a> <!-- method navigator-link -->
                      </span>
                      <br/>
                      <span>
                        <img src="passed.png" width="3%"/>
                        <a href="#" panel-name="suite-Unique_Url_Payment_Page_Automation_Test_Suite" title="com.payment.qa.testcases.CustomerInformationPageTest" class="method navigator-link" hash-for-method="CustomerInformationLogoTest">CustomerInformationLogoTest</a> <!-- method navigator-link -->
                      </span>
                      <br/>
                      <span>
                        <img src="passed.png" width="3%"/>
                        <a href="#" panel-name="suite-Unique_Url_Payment_Page_Automation_Test_Suite" title="com.payment.qa.testcases.NetBankingPageTest" class="method navigator-link" hash-for-method="CustomerInformationLogoTest">CustomerInformationLogoTest</a> <!-- method navigator-link -->
                      </span>
                      <br/>
                      <span>
                        <img src="passed.png" width="3%"/>
                        <a href="#" panel-name="suite-Unique_Url_Payment_Page_Automation_Test_Suite" title="com.payment.qa.testcases.CouponCodePageTest" class="method navigator-link" hash-for-method="CustomerInformationStoreNameTest">CustomerInformationStoreNameTest</a> <!-- method navigator-link -->
                      </span>
                      <br/>
                      <span>
                        <img src="passed.png" width="3%"/>
                        <a href="#" panel-name="suite-Unique_Url_Payment_Page_Automation_Test_Suite" title="com.payment.qa.testcases.CustomerInformationPageTest" class="method navigator-link" hash-for-method="CustomerInformationStoreNameTest">CustomerInformationStoreNameTest</a> <!-- method navigator-link -->
                      </span>
                      <br/>
                      <span>
                        <img src="passed.png" width="3%"/>
                        <a href="#" panel-name="suite-Unique_Url_Payment_Page_Automation_Test_Suite" title="com.payment.qa.testcases.CustomerInformationPageTest" class="method navigator-link" hash-for-method="CustomerInformationTitleTest">CustomerInformationTitleTest</a> <!-- method navigator-link -->
                      </span>
                      <br/>
                      <span>
                        <img src="passed.png" width="3%"/>
                        <a href="#" panel-name="suite-Unique_Url_Payment_Page_Automation_Test_Suite" title="com.payment.qa.testcases.NetBankingPageTest" class="method navigator-link" hash-for-method="CustomerInformationTitleTest">CustomerInformationTitleTest</a> <!-- method navigator-link -->
                      </span>
                      <br/>
                      <span>
                        <img src="passed.png" width="3%"/>
                        <a href="#" panel-name="suite-Unique_Url_Payment_Page_Automation_Test_Suite" title="com.payment.qa.testcases.NetBankingPageTest" class="method navigator-link" hash-for-method="SelectBankTest">SelectBankTest</a> <!-- method navigator-link -->
                      </span>
                      <br/>
                      <span>
                        <img src="passed.png" width="3%"/>
                        <a href="#" panel-name="suite-Unique_Url_Payment_Page_Automation_Test_Suite" title="com.payment.qa.testcases.PaymentDetailsPageTest" class="method navigator-link" hash-for-method="SelectPaymentMethod">SelectPaymentMethod</a> <!-- method navigator-link -->
                      </span>
                      <br/>
                      <span>
                        <img src="passed.png" width="3%"/>
                        <a href="#" panel-name="suite-Unique_Url_Payment_Page_Automation_Test_Suite" title="com.payment.qa.testcases.CouponCodePageTest" class="method navigator-link" hash-for-method="VerifyApplyButtonTest">VerifyApplyButtonTest</a> <!-- method navigator-link -->
                      </span>
                      <br/>
                      <span>
                        <img src="passed.png" width="3%"/>
                        <a href="#" panel-name="suite-Unique_Url_Payment_Page_Automation_Test_Suite" title="com.payment.qa.testcases.CouponCodePageTest" class="method navigator-link" hash-for-method="VerifyApplyOfferButton">VerifyApplyOfferButton</a> <!-- method navigator-link -->
                      </span>
                      <br/>
                      <span>
                        <img src="passed.png" width="3%"/>
                        <a href="#" panel-name="suite-Unique_Url_Payment_Page_Automation_Test_Suite" title="com.payment.qa.testcases.PaymentDetailsPageTest" class="method navigator-link" hash-for-method="VerifyCVVFieldTest">VerifyCVVFieldTest</a> <!-- method navigator-link -->
                      </span>
                      <br/>
                      <span>
                        <img src="passed.png" width="3%"/>
                        <a href="#" panel-name="suite-Unique_Url_Payment_Page_Automation_Test_Suite" title="com.payment.qa.testcases.PaymentDetailsPageTest" class="method navigator-link" hash-for-method="VerifyCardOptionSelected">VerifyCardOptionSelected</a> <!-- method navigator-link -->
                      </span>
                      <br/>
                      <span>
                        <img src="passed.png" width="3%"/>
                        <a href="#" panel-name="suite-Unique_Url_Payment_Page_Automation_Test_Suite" title="com.payment.qa.testcases.CouponCodePageTest" class="method navigator-link" hash-for-method="VerifyCouponCodeFieldTest">VerifyCouponCodeFieldTest</a> <!-- method navigator-link -->
                      </span>
                      <br/>
                      <span>
                        <img src="passed.png" width="3%"/>
                        <a href="#" panel-name="suite-Unique_Url_Payment_Page_Automation_Test_Suite" title="com.payment.qa.testcases.CouponCodePageTest" class="method navigator-link" hash-for-method="VerifyCouponCodeLabelTest">VerifyCouponCodeLabelTest</a> <!-- method navigator-link -->
                      </span>
                      <br/>
                      <span>
                        <img src="passed.png" width="3%"/>
                        <a href="#" panel-name="suite-Unique_Url_Payment_Page_Automation_Test_Suite" title="com.payment.qa.testcases.PaymentDetailsPageTest" class="method navigator-link" hash-for-method="VerifyMonthSelectListTest">VerifyMonthSelectListTest</a> <!-- method navigator-link -->
                      </span>
                      <br/>
                      <span>
                        <img src="passed.png" width="3%"/>
                        <a href="#" panel-name="suite-Unique_Url_Payment_Page_Automation_Test_Suite" title="com.payment.qa.testcases.PaymentDetailsPageTest" class="method navigator-link" hash-for-method="VerifyNameOnCardFieldTest">VerifyNameOnCardFieldTest</a> <!-- method navigator-link -->
                      </span>
                      <br/>
                      <span>
                        <img src="passed.png" width="3%"/>
                        <a href="#" panel-name="suite-Unique_Url_Payment_Page_Automation_Test_Suite" title="com.payment.qa.testcases.PaymentDetailsPageTest" class="method navigator-link" hash-for-method="VerifyPaymentOptionIsSelected">VerifyPaymentOptionIsSelected</a> <!-- method navigator-link -->
                      </span>
                      <br/>
                      <span>
                        <img src="passed.png" width="3%"/>
                        <a href="#" panel-name="suite-Unique_Url_Payment_Page_Automation_Test_Suite" title="com.payment.qa.testcases.NetBankingPageTest" class="method navigator-link" hash-for-method="VerifyProceedBtnTest">VerifyProceedBtnTest</a> <!-- method navigator-link -->
                      </span>
                      <br/>
                      <span>
                        <img src="passed.png" width="3%"/>
                        <a href="#" panel-name="suite-Unique_Url_Payment_Page_Automation_Test_Suite" title="com.payment.qa.testcases.CouponCodePageTest" class="method navigator-link" hash-for-method="VerifyTitleOnCouponPageTest">VerifyTitleOnCouponPageTest</a> <!-- method navigator-link -->
                      </span>
                      <br/>
                      <span>
                        <img src="passed.png" width="3%"/>
                        <a href="#" panel-name="suite-Unique_Url_Payment_Page_Automation_Test_Suite" title="com.payment.qa.testcases.UpiPageTest" class="method navigator-link" hash-for-method="VerifyUPIFieldAvailableTest">VerifyUPIFieldAvailableTest</a> <!-- method navigator-link -->
                      </span>
                      <br/>
                      <span>
                        <img src="passed.png" width="3%"/>
                        <a href="#" panel-name="suite-Unique_Url_Payment_Page_Automation_Test_Suite" title="com.payment.qa.testcases.UpiPageTest" class="method navigator-link" hash-for-method="VerifyUPIOptionSelectedTest">VerifyUPIOptionSelectedTest</a> <!-- method navigator-link -->
                      </span>
                      <br/>
                      <span>
                        <img src="passed.png" width="3%"/>
                        <a href="#" panel-name="suite-Unique_Url_Payment_Page_Automation_Test_Suite" title="com.payment.qa.testcases.PaymentDetailsPageTest" class="method navigator-link" hash-for-method="verifyCardNumberFieldPresent">verifyCardNumberFieldPresent</a> <!-- method navigator-link -->
                      </span>
                      <br/>
                      <span>
                        <img src="passed.png" width="3%"/>
                        <a href="#" panel-name="suite-Unique_Url_Payment_Page_Automation_Test_Suite" title="com.payment.qa.testcases.UpiPageTest" class="method navigator-link" hash-for-method="verifyPayButtonTest">verifyPayButtonTest</a> <!-- method navigator-link -->
                      </span>
                      <br/>
                    </div> <!-- method-list-content passed suite-Unique_Url_Payment_Page_Automation_Test_Suite -->
                  </li>
                </ul>
              </div> <!-- suite-section-content -->
            </div> <!-- result-section -->
          </div> <!-- navigator-suite-content -->
        </div> <!-- rounded-window -->
      </div> <!-- suite -->
    </div> <!-- navigator-root -->
    <div class="wrapper">
      <div class="main-panel-root">
        <div panel-name="suite-Unique_Url_Payment_Page_Automation_Test_Suite" class="panel Unique_Url_Payment_Page_Automation_Test_Suite">
          <div class="suite-Unique_Url_Payment_Page_Automation_Test_Suite-class-skipped">
            <div class="main-panel-header rounded-window-top">
              <img src="skipped.png"/>
              <span class="class-name">com.payment.qa.testcases.PaymentDetailsPageTest</span>
            </div> <!-- main-panel-header rounded-window-top -->
            <div class="main-panel-content rounded-window-bottom">
              <div class="method">
                <div class="method-content">
                  <a name="CreateTransactionData(2223520443560010, Test, 737, Nov, 2023)">
                  </a> <!-- CreateTransactionData(2223520443560010, Test, 737, Nov, 2023) -->
                  <span class="method-name">CreateTransactionData</span>
                  <span class="parameters">(2223520443560010, Test, 737, Nov, 2023)</span>
                  <div class="stack-trace">org.openqa.selenium.WebDriverException: disconnected: not connected to DevTools
  (Session info: chrome=91.0.4472.77)
Build info: version: &apos;3.141.59&apos;, revision: &apos;e82be7d358&apos;, time: &apos;2018-11-14T08:17:03&apos;
System info: host: &apos;Ambrishs-Air&apos;, ip: &apos;2409:4043:18:f7a9:8cf1:fecf:a7a:da33%en0&apos;, os.name: &apos;Mac OS X&apos;, os.arch: &apos;x86_64&apos;, os.version: &apos;10.16&apos;, java.version: &apos;15.0.2&apos;
Driver info: org.openqa.selenium.chrome.ChromeDriver
Capabilities {acceptInsecureCerts: false, browserName: chrome, browserVersion: 91.0.4472.77, chrome: {chromedriverVersion: 90.0.4430.24 (4c6d850f087da..., userDataDir: /var/folders/dy/nvj0bpfx62j...}, goog:chromeOptions: {debuggerAddress: localhost:59979}, javascriptEnabled: true, networkConnectionEnabled: false, pageLoadStrategy: normal, platform: MAC, platformName: MAC, proxy: Proxy(), setWindowRect: true, strictFileInteractability: false, timeouts: {implicit: 0, pageLoad: 300000, script: 30000}, unhandledPromptBehavior: dismiss and notify, webauthn:extension:largeBlob: true, webauthn:virtualAuthenticators: true}
Session ID: f52a5339d05c406496b57b8d97699f30
	at org.openqa.selenium.remote.http.W3CHttpResponseCodec.createException(W3CHttpResponseCodec.java:187)
	at org.openqa.selenium.remote.http.W3CHttpResponseCodec.decode(W3CHttpResponseCodec.java:122)
	at org.openqa.selenium.remote.http.W3CHttpResponseCodec.decode(W3CHttpResponseCodec.java:49)
	at org.openqa.selenium.remote.HttpCommandExecutor.execute(HttpCommandExecutor.java:158)
	at org.openqa.selenium.remote.service.DriverCommandExecutor.execute(DriverCommandExecutor.java:83)
	at org.openqa.selenium.remote.RemoteWebDriver.execute(RemoteWebDriver.java:552)
	at org.openqa.selenium.remote.RemoteWebElement.execute(RemoteWebElement.java:285)
	at org.openqa.selenium.remote.RemoteWebElement.sendKeys(RemoteWebElement.java:106)
	at org.openqa.selenium.support.pagefactory.internal.LocatingElementHandler.invoke(LocatingElementHandler.java:51)
	at com.sun.proxy.$Proxy12.sendKeys(Unknown Source)
	at com.payment.qa.pages.CustomerInformationPage.EnterCustomerInformation(CustomerInformationPage.java:78)
	at com.payment.qa.testcases.PaymentDetailsPageTest.setup(PaymentDetailsPageTest.java:40)
	at java.base/java.util.ArrayList.forEach(ArrayList.java:1511)
	at com.intellij.rt.testng.IDEARemoteTestNG.run(IDEARemoteTestNG.java:66)
	at com.intellij.rt.testng.RemoteTestNGStarter.main(RemoteTestNGStarter.java:109)
... Removed 36 stack frames
</div> <!-- stack-trace -->
                </div> <!-- method-content -->
              </div> <!-- method -->
              <div class="method">
                <div class="method-content">
                  <a name="VerifyPaymentButtonTest">
                  </a> <!-- VerifyPaymentButtonTest -->
                  <span class="method-name">VerifyPaymentButtonTest</span>
                  <div class="stack-trace">org.openqa.selenium.WebDriverException: disconnected: not connected to DevTools
  (Session info: chrome=91.0.4472.77)
Build info: version: &apos;3.141.59&apos;, revision: &apos;e82be7d358&apos;, time: &apos;2018-11-14T08:17:03&apos;
System info: host: &apos;Ambrishs-Air&apos;, ip: &apos;2409:4043:18:f7a9:8cf1:fecf:a7a:da33%en0&apos;, os.name: &apos;Mac OS X&apos;, os.arch: &apos;x86_64&apos;, os.version: &apos;10.16&apos;, java.version: &apos;15.0.2&apos;
Driver info: org.openqa.selenium.chrome.ChromeDriver
Capabilities {acceptInsecureCerts: false, browserName: chrome, browserVersion: 91.0.4472.77, chrome: {chromedriverVersion: 90.0.4430.24 (4c6d850f087da..., userDataDir: /var/folders/dy/nvj0bpfx62j...}, goog:chromeOptions: {debuggerAddress: localhost:59979}, javascriptEnabled: true, networkConnectionEnabled: false, pageLoadStrategy: normal, platform: MAC, platformName: MAC, proxy: Proxy(), setWindowRect: true, strictFileInteractability: false, timeouts: {implicit: 0, pageLoad: 300000, script: 30000}, unhandledPromptBehavior: dismiss and notify, webauthn:extension:largeBlob: true, webauthn:virtualAuthenticators: true}
Session ID: f52a5339d05c406496b57b8d97699f30
	at org.openqa.selenium.remote.http.W3CHttpResponseCodec.createException(W3CHttpResponseCodec.java:187)
	at org.openqa.selenium.remote.http.W3CHttpResponseCodec.decode(W3CHttpResponseCodec.java:122)
	at org.openqa.selenium.remote.http.W3CHttpResponseCodec.decode(W3CHttpResponseCodec.java:49)
	at org.openqa.selenium.remote.HttpCommandExecutor.execute(HttpCommandExecutor.java:158)
	at org.openqa.selenium.remote.service.DriverCommandExecutor.execute(DriverCommandExecutor.java:83)
	at org.openqa.selenium.remote.RemoteWebDriver.execute(RemoteWebDriver.java:552)
	at org.openqa.selenium.remote.RemoteWebElement.execute(RemoteWebElement.java:285)
	at org.openqa.selenium.remote.RemoteWebElement.sendKeys(RemoteWebElement.java:106)
	at org.openqa.selenium.support.pagefactory.internal.LocatingElementHandler.invoke(LocatingElementHandler.java:51)
	at com.sun.proxy.$Proxy12.sendKeys(Unknown Source)
	at com.payment.qa.pages.CustomerInformationPage.EnterCustomerInformation(CustomerInformationPage.java:78)
	at com.payment.qa.testcases.PaymentDetailsPageTest.setup(PaymentDetailsPageTest.java:40)
	at java.base/java.util.ArrayList.forEach(ArrayList.java:1511)
	at com.intellij.rt.testng.IDEARemoteTestNG.run(IDEARemoteTestNG.java:66)
	at com.intellij.rt.testng.RemoteTestNGStarter.main(RemoteTestNGStarter.java:109)
... Removed 36 stack frames
</div> <!-- stack-trace -->
                </div> <!-- method-content -->
              </div> <!-- method -->
              <div class="method">
                <div class="method-content">
                  <a name="VerifyYearSelectListTest">
                  </a> <!-- VerifyYearSelectListTest -->
                  <span class="method-name">VerifyYearSelectListTest</span>
                  <div class="stack-trace">org.openqa.selenium.WebDriverException: disconnected: not connected to DevTools
  (Session info: chrome=91.0.4472.77)
Build info: version: &apos;3.141.59&apos;, revision: &apos;e82be7d358&apos;, time: &apos;2018-11-14T08:17:03&apos;
System info: host: &apos;Ambrishs-Air&apos;, ip: &apos;2409:4043:18:f7a9:8cf1:fecf:a7a:da33%en0&apos;, os.name: &apos;Mac OS X&apos;, os.arch: &apos;x86_64&apos;, os.version: &apos;10.16&apos;, java.version: &apos;15.0.2&apos;
Driver info: org.openqa.selenium.chrome.ChromeDriver
Capabilities {acceptInsecureCerts: false, browserName: chrome, browserVersion: 91.0.4472.77, chrome: {chromedriverVersion: 90.0.4430.24 (4c6d850f087da..., userDataDir: /var/folders/dy/nvj0bpfx62j...}, goog:chromeOptions: {debuggerAddress: localhost:59979}, javascriptEnabled: true, networkConnectionEnabled: false, pageLoadStrategy: normal, platform: MAC, platformName: MAC, proxy: Proxy(), setWindowRect: true, strictFileInteractability: false, timeouts: {implicit: 0, pageLoad: 300000, script: 30000}, unhandledPromptBehavior: dismiss and notify, webauthn:extension:largeBlob: true, webauthn:virtualAuthenticators: true}
Session ID: f52a5339d05c406496b57b8d97699f30
	at org.openqa.selenium.remote.http.W3CHttpResponseCodec.createException(W3CHttpResponseCodec.java:187)
	at org.openqa.selenium.remote.http.W3CHttpResponseCodec.decode(W3CHttpResponseCodec.java:122)
	at org.openqa.selenium.remote.http.W3CHttpResponseCodec.decode(W3CHttpResponseCodec.java:49)
	at org.openqa.selenium.remote.HttpCommandExecutor.execute(HttpCommandExecutor.java:158)
	at org.openqa.selenium.remote.service.DriverCommandExecutor.execute(DriverCommandExecutor.java:83)
	at org.openqa.selenium.remote.RemoteWebDriver.execute(RemoteWebDriver.java:552)
	at org.openqa.selenium.remote.RemoteWebElement.execute(RemoteWebElement.java:285)
	at org.openqa.selenium.remote.RemoteWebElement.sendKeys(RemoteWebElement.java:106)
	at org.openqa.selenium.support.pagefactory.internal.LocatingElementHandler.invoke(LocatingElementHandler.java:51)
	at com.sun.proxy.$Proxy12.sendKeys(Unknown Source)
	at com.payment.qa.pages.CustomerInformationPage.EnterCustomerInformation(CustomerInformationPage.java:78)
	at com.payment.qa.testcases.PaymentDetailsPageTest.setup(PaymentDetailsPageTest.java:40)
	at java.base/java.util.ArrayList.forEach(ArrayList.java:1511)
	at com.intellij.rt.testng.IDEARemoteTestNG.run(IDEARemoteTestNG.java:66)
	at com.intellij.rt.testng.RemoteTestNGStarter.main(RemoteTestNGStarter.java:109)
... Removed 36 stack frames
</div> <!-- stack-trace -->
                </div> <!-- method-content -->
              </div> <!-- method -->
            </div> <!-- main-panel-content rounded-window-bottom -->
          </div> <!-- suite-Unique_Url_Payment_Page_Automation_Test_Suite-class-skipped -->
          <div class="suite-Unique_Url_Payment_Page_Automation_Test_Suite-class-passed">
            <div class="main-panel-header rounded-window-top">
              <img src="passed.png"/>
              <span class="class-name">com.payment.qa.testcases.NetBankingPageTest</span>
            </div> <!-- main-panel-header rounded-window-top -->
            <div class="main-panel-content rounded-window-bottom">
              <div class="method">
                <div class="method-content">
                  <a name="CustomerInformationLogoTest">
                  </a> <!-- CustomerInformationLogoTest -->
                  <span class="method-name">CustomerInformationLogoTest</span>
                </div> <!-- method-content -->
              </div> <!-- method -->
              <div class="method">
                <div class="method-content">
                  <a name="CustomerInformationTitleTest">
                  </a> <!-- CustomerInformationTitleTest -->
                  <span class="method-name">CustomerInformationTitleTest</span>
                </div> <!-- method-content -->
              </div> <!-- method -->
              <div class="method">
                <div class="method-content">
                  <a name="SelectBankTest">
                  </a> <!-- SelectBankTest -->
                  <span class="method-name">SelectBankTest</span>
                </div> <!-- method-content -->
              </div> <!-- method -->
              <div class="method">
                <div class="method-content">
                  <a name="VerifyProceedBtnTest">
                  </a> <!-- VerifyProceedBtnTest -->
                  <span class="method-name">VerifyProceedBtnTest</span>
                </div> <!-- method-content -->
              </div> <!-- method -->
            </div> <!-- main-panel-content rounded-window-bottom -->
          </div> <!-- suite-Unique_Url_Payment_Page_Automation_Test_Suite-class-passed -->
          <div class="suite-Unique_Url_Payment_Page_Automation_Test_Suite-class-passed">
            <div class="main-panel-header rounded-window-top">
              <img src="passed.png"/>
              <span class="class-name">com.payment.qa.testcases.UpiPageTest</span>
            </div> <!-- main-panel-header rounded-window-top -->
            <div class="main-panel-content rounded-window-bottom">
              <div class="method">
                <div class="method-content">
                  <a name="VerifyUPIFieldAvailableTest">
                  </a> <!-- VerifyUPIFieldAvailableTest -->
                  <span class="method-name">VerifyUPIFieldAvailableTest</span>
                </div> <!-- method-content -->
              </div> <!-- method -->
              <div class="method">
                <div class="method-content">
                  <a name="VerifyUPIOptionSelectedTest">
                  </a> <!-- VerifyUPIOptionSelectedTest -->
                  <span class="method-name">VerifyUPIOptionSelectedTest</span>
                </div> <!-- method-content -->
              </div> <!-- method -->
              <div class="method">
                <div class="method-content">
                  <a name="verifyPayButtonTest">
                  </a> <!-- verifyPayButtonTest -->
                  <span class="method-name">verifyPayButtonTest</span>
                </div> <!-- method-content -->
              </div> <!-- method -->
            </div> <!-- main-panel-content rounded-window-bottom -->
          </div> <!-- suite-Unique_Url_Payment_Page_Automation_Test_Suite-class-passed -->
          <div class="suite-Unique_Url_Payment_Page_Automation_Test_Suite-class-passed">
            <div class="main-panel-header rounded-window-top">
              <img src="passed.png"/>
              <span class="class-name">com.payment.qa.testcases.CouponCodePageTest</span>
            </div> <!-- main-panel-header rounded-window-top -->
            <div class="main-panel-content rounded-window-bottom">
              <div class="method">
                <div class="method-content">
                  <a name="CustomerInformationStoreNameTest">
                  </a> <!-- CustomerInformationStoreNameTest -->
                  <span class="method-name">CustomerInformationStoreNameTest</span>
                </div> <!-- method-content -->
              </div> <!-- method -->
              <div class="method">
                <div class="method-content">
                  <a name="VerifyApplyButtonTest">
                  </a> <!-- VerifyApplyButtonTest -->
                  <span class="method-name">VerifyApplyButtonTest</span>
                </div> <!-- method-content -->
              </div> <!-- method -->
              <div class="method">
                <div class="method-content">
                  <a name="VerifyApplyOfferButton">
                  </a> <!-- VerifyApplyOfferButton -->
                  <span class="method-name">VerifyApplyOfferButton</span>
                </div> <!-- method-content -->
              </div> <!-- method -->
              <div class="method">
                <div class="method-content">
                  <a name="VerifyCouponCodeFieldTest">
                  </a> <!-- VerifyCouponCodeFieldTest -->
                  <span class="method-name">VerifyCouponCodeFieldTest</span>
                </div> <!-- method-content -->
              </div> <!-- method -->
              <div class="method">
                <div class="method-content">
                  <a name="VerifyCouponCodeLabelTest">
                  </a> <!-- VerifyCouponCodeLabelTest -->
                  <span class="method-name">VerifyCouponCodeLabelTest</span>
                </div> <!-- method-content -->
              </div> <!-- method -->
              <div class="method">
                <div class="method-content">
                  <a name="VerifyTitleOnCouponPageTest">
                  </a> <!-- VerifyTitleOnCouponPageTest -->
                  <span class="method-name">VerifyTitleOnCouponPageTest</span>
                </div> <!-- method-content -->
              </div> <!-- method -->
            </div> <!-- main-panel-content rounded-window-bottom -->
          </div> <!-- suite-Unique_Url_Payment_Page_Automation_Test_Suite-class-passed -->
          <div class="suite-Unique_Url_Payment_Page_Automation_Test_Suite-class-passed">
            <div class="main-panel-header rounded-window-top">
              <img src="passed.png"/>
              <span class="class-name">com.payment.qa.testcases.CustomerInformationPageTest</span>
            </div> <!-- main-panel-header rounded-window-top -->
            <div class="main-panel-content rounded-window-bottom">
              <div class="method">
                <div class="method-content">
                  <a name="CreateNewData(Test, t@example.com, 9098007752, 1, test)">
                  </a> <!-- CreateNewData(Test, t@example.com, 9098007752, 1, test) -->
                  <span class="method-name">CreateNewData</span>
                  <span class="parameters">(Test, t@example.com, 9098007752, 1, test)</span>
                </div> <!-- method-content -->
              </div> <!-- method -->
              <div class="method">
                <div class="method-content">
                  <a name="CreateNewData(Ambrish, a@example.com, 9098007752, 1, Test)">
                  </a> <!-- CreateNewData(Ambrish, a@example.com, 9098007752, 1, Test) -->
                  <span class="method-name">CreateNewData</span>
                  <span class="parameters">(Ambrish, a@example.com, 9098007752, 1, Test)</span>
                </div> <!-- method-content -->
              </div> <!-- method -->
              <div class="method">
                <div class="method-content">
                  <a name="CreateNewData(hero, h@example.com, 9098007752, 18, hest)">
                  </a> <!-- CreateNewData(hero, h@example.com, 9098007752, 18, hest) -->
                  <span class="method-name">CreateNewData</span>
                  <span class="parameters">(hero, h@example.com, 9098007752, 18, hest)</span>
                </div> <!-- method-content -->
              </div> <!-- method -->
              <div class="method">
                <div class="method-content">
                  <a name="CustomerInformationLogoTest">
                  </a> <!-- CustomerInformationLogoTest -->
                  <span class="method-name">CustomerInformationLogoTest</span>
                </div> <!-- method-content -->
              </div> <!-- method -->
              <div class="method">
                <div class="method-content">
                  <a name="CustomerInformationStoreNameTest">
                  </a> <!-- CustomerInformationStoreNameTest -->
                  <span class="method-name">CustomerInformationStoreNameTest</span>
                </div> <!-- method-content -->
              </div> <!-- method -->
              <div class="method">
                <div class="method-content">
                  <a name="CustomerInformationTitleTest">
                  </a> <!-- CustomerInformationTitleTest -->
                  <span class="method-name">CustomerInformationTitleTest</span>
                </div> <!-- method-content -->
              </div> <!-- method -->
            </div> <!-- main-panel-content rounded-window-bottom -->
          </div> <!-- suite-Unique_Url_Payment_Page_Automation_Test_Suite-class-passed -->
          <div class="suite-Unique_Url_Payment_Page_Automation_Test_Suite-class-passed">
            <div class="main-panel-header rounded-window-top">
              <img src="passed.png"/>
              <span class="class-name">com.payment.qa.testcases.PaymentDetailsPageTest</span>
            </div> <!-- main-panel-header rounded-window-top -->
            <div class="main-panel-content rounded-window-bottom">
              <div class="method">
                <div class="method-content">
                  <a name="SelectPaymentMethod">
                  </a> <!-- SelectPaymentMethod -->
                  <span class="method-name">SelectPaymentMethod</span>
                </div> <!-- method-content -->
              </div> <!-- method -->
              <div class="method">
                <div class="method-content">
                  <a name="VerifyCVVFieldTest">
                  </a> <!-- VerifyCVVFieldTest -->
                  <span class="method-name">VerifyCVVFieldTest</span>
                </div> <!-- method-content -->
              </div> <!-- method -->
              <div class="method">
                <div class="method-content">
                  <a name="VerifyCardOptionSelected">
                  </a> <!-- VerifyCardOptionSelected -->
                  <span class="method-name">VerifyCardOptionSelected</span>
                </div> <!-- method-content -->
              </div> <!-- method -->
              <div class="method">
                <div class="method-content">
                  <a name="VerifyMonthSelectListTest">
                  </a> <!-- VerifyMonthSelectListTest -->
                  <span class="method-name">VerifyMonthSelectListTest</span>
                </div> <!-- method-content -->
              </div> <!-- method -->
              <div class="method">
                <div class="method-content">
                  <a name="VerifyNameOnCardFieldTest">
                  </a> <!-- VerifyNameOnCardFieldTest -->
                  <span class="method-name">VerifyNameOnCardFieldTest</span>
                </div> <!-- method-content -->
              </div> <!-- method -->
              <div class="method">
                <div class="method-content">
                  <a name="VerifyPaymentOptionIsSelected">
                  </a> <!-- VerifyPaymentOptionIsSelected -->
                  <span class="method-name">VerifyPaymentOptionIsSelected</span>
                </div> <!-- method-content -->
              </div> <!-- method -->
              <div class="method">
                <div class="method-content">
                  <a name="verifyCardNumberFieldPresent">
                  </a> <!-- verifyCardNumberFieldPresent -->
                  <span class="method-name">verifyCardNumberFieldPresent</span>
                </div> <!-- method-content -->
              </div> <!-- method -->
            </div> <!-- main-panel-content rounded-window-bottom -->
          </div> <!-- suite-Unique_Url_Payment_Page_Automation_Test_Suite-class-passed -->
        </div> <!-- panel Unique_Url_Payment_Page_Automation_Test_Suite -->
        <div panel-name="test-xml-Unique_Url_Payment_Page_Automation_Test_Suite" class="panel">
          <div class="main-panel-header rounded-window-top">
            <span class="header-content">/Users/ambrish/IdeaProjects/TestAutomation/src/main/resources/testng.xml</span>
          </div> <!-- main-panel-header rounded-window-top -->
          <div class="main-panel-content rounded-window-bottom">
            <pre>
&lt;?xml version=&quot;1.0&quot; encoding=&quot;UTF-8&quot;?&gt;
&lt;!DOCTYPE suite SYSTEM &quot;https://testng.org/testng-1.0.dtd&quot;&gt;
&lt;suite name=&quot;Unique Url Payment Page Automation Test Suite&quot; guice-stage=&quot;DEVELOPMENT&quot;&gt;
  &lt;listeners&gt;
    &lt;listener class-name=&quot;com.qa.ExtentReportListener.ExtentReportListener&quot;/&gt;
  &lt;/listeners&gt;
  &lt;test thread-count=&quot;5&quot; name=&quot;Unique Url Pages Test Cases&quot;&gt;
    &lt;classes&gt;
      &lt;class name=&quot;com.payment.qa.testcases.CustomerInformationPageTest&quot;/&gt;
      &lt;class name=&quot;com.payment.qa.testcases.CouponCodePageTest&quot;/&gt;
      &lt;class name=&quot;com.payment.qa.testcases.PaymentDetailsPageTest&quot;/&gt;
      &lt;class name=&quot;com.payment.qa.testcases.NetBankingPageTest&quot;/&gt;
      &lt;class name=&quot;com.payment.qa.testcases.UpiPageTest&quot;/&gt;
    &lt;/classes&gt;
  &lt;/test&gt; &lt;!-- Unique Url Pages Test Cases --&gt;
&lt;/suite&gt; &lt;!-- Unique Url Payment Page Automation Test Suite --&gt;
            </pre>
          </div> <!-- main-panel-content rounded-window-bottom -->
        </div> <!-- panel -->
        <div panel-name="testlist-Unique_Url_Payment_Page_Automation_Test_Suite" class="panel">
          <div class="main-panel-header rounded-window-top">
            <span class="header-content">Tests for Unique Url Payment Page Automation Test Suite</span>
          </div> <!-- main-panel-header rounded-window-top -->
          <div class="main-panel-content rounded-window-bottom">
            <ul>
              <li>
                <span class="test-name">Unique Url Pages Test Cases (5 classes)</span>
              </li>
            </ul>
          </div> <!-- main-panel-content rounded-window-bottom -->
        </div> <!-- panel -->
        <div panel-name="group-Unique_Url_Payment_Page_Automation_Test_Suite" class="panel">
          <div class="main-panel-header rounded-window-top">
            <span class="header-content">Groups for Unique Url Payment Page Automation Test Suite</span>
          </div> <!-- main-panel-header rounded-window-top -->
          <div class="main-panel-content rounded-window-bottom">
          </div> <!-- main-panel-content rounded-window-bottom -->
        </div> <!-- panel -->
        <div panel-name="times-Unique_Url_Payment_Page_Automation_Test_Suite" class="panel">
          <div class="main-panel-header rounded-window-top">
            <span class="header-content">Times for Unique Url Payment Page Automation Test Suite</span>
          </div> <!-- main-panel-header rounded-window-top -->
          <div class="main-panel-content rounded-window-bottom">
            <div class="times-div">
              <script type="text/javascript">
suiteTableInitFunctions.push('tableData_Unique_Url_Payment_Page_Automation_Test_Suite');
function tableData_Unique_Url_Payment_Page_Automation_Test_Suite() {
var data = new google.visualization.DataTable();
data.addColumn('number', 'Number');
data.addColumn('string', 'Method');
data.addColumn('string', 'Class');
data.addColumn('number', 'Time (ms)');
data.addRows(29);
data.setCell(0, 0, 0)
data.setCell(0, 1, 'SelectBankTest')
data.setCell(0, 2, 'com.payment.qa.testcases.NetBankingPageTest')
data.setCell(0, 3, 15448);
data.setCell(1, 0, 1)
data.setCell(1, 1, 'verifyPayButtonTest')
data.setCell(1, 2, 'com.payment.qa.testcases.UpiPageTest')
data.setCell(1, 3, 1734);
data.setCell(2, 0, 2)
data.setCell(2, 1, 'CreateNewData')
data.setCell(2, 2, 'com.payment.qa.testcases.CustomerInformationPageTest')
data.setCell(2, 3, 884);
data.setCell(3, 0, 3)
data.setCell(3, 1, 'CreateNewData')
data.setCell(3, 2, 'com.payment.qa.testcases.CustomerInformationPageTest')
data.setCell(3, 3, 762);
data.setCell(4, 0, 4)
data.setCell(4, 1, 'CreateNewData')
data.setCell(4, 2, 'com.payment.qa.testcases.CustomerInformationPageTest')
data.setCell(4, 3, 721);
data.setCell(5, 0, 5)
data.setCell(5, 1, 'SelectPaymentMethod')
data.setCell(5, 2, 'com.payment.qa.testcases.PaymentDetailsPageTest')
data.setCell(5, 3, 365);
data.setCell(6, 0, 6)
data.setCell(6, 1, 'VerifyApplyOfferButton')
data.setCell(6, 2, 'com.payment.qa.testcases.CouponCodePageTest')
data.setCell(6, 3, 289);
data.setCell(7, 0, 7)
data.setCell(7, 1, 'VerifyPaymentOptionIsSelected')
data.setCell(7, 2, 'com.payment.qa.testcases.PaymentDetailsPageTest')
data.setCell(7, 3, 155);
data.setCell(8, 0, 8)
data.setCell(8, 1, 'CustomerInformationLogoTest')
data.setCell(8, 2, 'com.payment.qa.testcases.CustomerInformationPageTest')
data.setCell(8, 3, 107);
data.setCell(9, 0, 9)
data.setCell(9, 1, 'VerifyUPIFieldAvailableTest')
data.setCell(9, 2, 'com.payment.qa.testcases.UpiPageTest')
data.setCell(9, 3, 81);
data.setCell(10, 0, 10)
data.setCell(10, 1, 'VerifyApplyButtonTest')
data.setCell(10, 2, 'com.payment.qa.testcases.CouponCodePageTest')
data.setCell(10, 3, 80);
data.setCell(11, 0, 11)
data.setCell(11, 1, 'VerifyCVVFieldTest')
data.setCell(11, 2, 'com.payment.qa.testcases.PaymentDetailsPageTest')
data.setCell(11, 3, 79);
data.setCell(12, 0, 12)
data.setCell(12, 1, 'VerifyCouponCodeLabelTest')
data.setCell(12, 2, 'com.payment.qa.testcases.CouponCodePageTest')
data.setCell(12, 3, 78);
data.setCell(13, 0, 13)
data.setCell(13, 1, 'VerifyCouponCodeFieldTest')
data.setCell(13, 2, 'com.payment.qa.testcases.CouponCodePageTest')
data.setCell(13, 3, 76);
data.setCell(14, 0, 14)
data.setCell(14, 1, 'VerifyNameOnCardFieldTest')
data.setCell(14, 2, 'com.payment.qa.testcases.PaymentDetailsPageTest')
data.setCell(14, 3, 67);
data.setCell(15, 0, 15)
data.setCell(15, 1, 'CustomerInformationStoreNameTest')
data.setCell(15, 2, 'com.payment.qa.testcases.CouponCodePageTest')
data.setCell(15, 3, 62);
data.setCell(16, 0, 16)
data.setCell(16, 1, 'verifyCardNumberFieldPresent')
data.setCell(16, 2, 'com.payment.qa.testcases.PaymentDetailsPageTest')
data.setCell(16, 3, 59);
data.setCell(17, 0, 17)
data.setCell(17, 1, 'VerifyMonthSelectListTest')
data.setCell(17, 2, 'com.payment.qa.testcases.PaymentDetailsPageTest')
data.setCell(17, 3, 58);
data.setCell(18, 0, 18)
data.setCell(18, 1, 'CustomerInformationLogoTest')
data.setCell(18, 2, 'com.payment.qa.testcases.NetBankingPageTest')
data.setCell(18, 3, 55);
data.setCell(19, 0, 19)
data.setCell(19, 1, 'CustomerInformationStoreNameTest')
data.setCell(19, 2, 'com.payment.qa.testcases.CustomerInformationPageTest')
data.setCell(19, 3, 51);
data.setCell(20, 0, 20)
data.setCell(20, 1, 'VerifyProceedBtnTest')
data.setCell(20, 2, 'com.payment.qa.testcases.NetBankingPageTest')
data.setCell(20, 3, 48);
data.setCell(21, 0, 21)
data.setCell(21, 1, 'VerifyUPIOptionSelectedTest')
data.setCell(21, 2, 'com.payment.qa.testcases.UpiPageTest')
data.setCell(21, 3, 44);
data.setCell(22, 0, 22)
data.setCell(22, 1, 'VerifyCardOptionSelected')
data.setCell(22, 2, 'com.payment.qa.testcases.PaymentDetailsPageTest')
data.setCell(22, 3, 30);
data.setCell(23, 0, 23)
data.setCell(23, 1, 'VerifyTitleOnCouponPageTest')
data.setCell(23, 2, 'com.payment.qa.testcases.CouponCodePageTest')
data.setCell(23, 3, 16);
data.setCell(24, 0, 24)
data.setCell(24, 1, 'CustomerInformationTitleTest')
data.setCell(24, 2, 'com.payment.qa.testcases.CustomerInformationPageTest')
data.setCell(24, 3, 13);
data.setCell(25, 0, 25)
data.setCell(25, 1, 'CustomerInformationTitleTest')
data.setCell(25, 2, 'com.payment.qa.testcases.NetBankingPageTest')
data.setCell(25, 3, 13);
data.setCell(26, 0, 26)
data.setCell(26, 1, 'CreateTransactionData')
data.setCell(26, 2, 'com.payment.qa.testcases.PaymentDetailsPageTest')
data.setCell(26, 3, 1);
data.setCell(27, 0, 27)
data.setCell(27, 1, 'VerifyPaymentButtonTest')
data.setCell(27, 2, 'com.payment.qa.testcases.PaymentDetailsPageTest')
data.setCell(27, 3, 0);
data.setCell(28, 0, 28)
data.setCell(28, 1, 'VerifyYearSelectListTest')
data.setCell(28, 2, 'com.payment.qa.testcases.PaymentDetailsPageTest')
data.setCell(28, 3, 0);
window.suiteTableData['Unique_Url_Payment_Page_Automation_Test_Suite']= { tableData: data, tableDiv: 'times-div-Unique_Url_Payment_Page_Automation_Test_Suite'}
return data;
}
              </script>
              <span class="suite-total-time">Total running time: 21 seconds</span>
              <div id="times-div-Unique_Url_Payment_Page_Automation_Test_Suite">
              </div> <!-- times-div-Unique_Url_Payment_Page_Automation_Test_Suite -->
            </div> <!-- times-div -->
          </div> <!-- main-panel-content rounded-window-bottom -->
        </div> <!-- panel -->
        <div panel-name="reporter-Unique_Url_Payment_Page_Automation_Test_Suite" class="panel">
          <div class="main-panel-header rounded-window-top">
            <span class="header-content">Reporter output for Unique Url Payment Page Automation Test Suite</span>
          </div> <!-- main-panel-header rounded-window-top -->
          <div class="main-panel-content rounded-window-bottom">
          </div> <!-- main-panel-content rounded-window-bottom -->
        </div> <!-- panel -->
        <div panel-name="ignored-methods-Unique_Url_Payment_Page_Automation_Test_Suite" class="panel">
          <div class="main-panel-header rounded-window-top">
            <span class="header-content">0 ignored methods</span>
          </div> <!-- main-panel-header rounded-window-top -->
          <div class="main-panel-content rounded-window-bottom">
          </div> <!-- main-panel-content rounded-window-bottom -->
        </div> <!-- panel -->
        <div panel-name="chronological-Unique_Url_Payment_Page_Automation_Test_Suite" class="panel">
          <div class="main-panel-header rounded-window-top">
            <span class="header-content">Methods in chronological order</span>
          </div> <!-- main-panel-header rounded-window-top -->
          <div class="main-panel-content rounded-window-bottom">
            <div class="chronological-class">
              <div class="chronological-class-name">com.payment.qa.testcases.CustomerInformationPageTest</div> <!-- chronological-class-name -->
              <div class="configuration-method before">
                <span class="method-name">setup</span>
                <span class="method-start">0 ms</span>
              </div> <!-- configuration-method before -->
              <div class="test-method">
                <span class="method-name">CustomerInformationTitleTest</span>
                <span class="method-start">15756 ms</span>
              </div> <!-- test-method -->
              <div class="configuration-method after">
                <span class="method-name">teardown</span>
                <span class="method-start">15772 ms</span>
              </div> <!-- configuration-method after -->
              <div class="configuration-method before">
                <span class="method-name">setup</span>
                <span class="method-start">15959 ms</span>
              </div> <!-- configuration-method before -->
              <div class="test-method">
                <span class="method-name">CustomerInformationLogoTest</span>
                <span class="method-start">24436 ms</span>
              </div> <!-- test-method -->
              <div class="configuration-method after">
                <span class="method-name">teardown</span>
                <span class="method-start">24544 ms</span>
              </div> <!-- configuration-method after -->
              <div class="configuration-method before">
                <span class="method-name">setup</span>
                <span class="method-start">24689 ms</span>
              </div> <!-- configuration-method before -->
              <div class="test-method">
                <span class="method-name">CustomerInformationStoreNameTest</span>
                <span class="method-start">31270 ms</span>
              </div> <!-- test-method -->
              <div class="configuration-method after">
                <span class="method-name">teardown</span>
                <span class="method-start">31321 ms</span>
              </div> <!-- configuration-method after -->
              <div class="configuration-method before">
                <span class="method-name">setup</span>
                <span class="method-start">32542 ms</span>
              </div> <!-- configuration-method before -->
              <div class="test-method">
                <span class="method-name">CreateNewData(Ambrish, a@example.com, 9098007752, 1, Test)</span>
                <span class="method-start">40591 ms</span>
              </div> <!-- test-method -->
              <div class="configuration-method after">
                <span class="method-name">teardown</span>
                <span class="method-start">41477 ms</span>
              </div> <!-- configuration-method after -->
              <div class="configuration-method before">
                <span class="method-name">setup</span>
                <span class="method-start">41645 ms</span>
              </div> <!-- configuration-method before -->
              <div class="test-method">
                <span class="method-name">CreateNewData(Test, t@example.com, 9098007752, 1, test)</span>
                <span class="method-start">46971 ms</span>
              </div> <!-- test-method -->
              <div class="configuration-method after">
                <span class="method-name">teardown</span>
                <span class="method-start">47733 ms</span>
              </div> <!-- configuration-method after -->
              <div class="configuration-method before">
                <span class="method-name">setup</span>
                <span class="method-start">47916 ms</span>
              </div> <!-- configuration-method before -->
              <div class="test-method">
                <span class="method-name">CreateNewData(hero, h@example.com, 9098007752, 18, hest)</span>
                <span class="method-start">56307 ms</span>
              </div> <!-- test-method -->
              <div class="configuration-method after">
                <span class="method-name">teardown</span>
                <span class="method-start">57029 ms</span>
              </div> <!-- configuration-method after -->
            </div> <!-- chronological-class -->
            <div class="chronological-class">
              <div class="chronological-class-name">com.payment.qa.testcases.CouponCodePageTest</div> <!-- chronological-class-name -->
              <div class="configuration-method before">
                <span class="method-name">setup</span>
                <span class="method-start">57189 ms</span>
              </div> <!-- configuration-method before -->
              <div class="test-method">
                <span class="method-name">VerifyTitleOnCouponPageTest</span>
                <span class="method-start">63990 ms</span>
              </div> <!-- test-method -->
              <div class="configuration-method after">
                <span class="method-name">teardown</span>
                <span class="method-start">64007 ms</span>
              </div> <!-- configuration-method after -->
              <div class="configuration-method before">
                <span class="method-name">setup</span>
                <span class="method-start">64186 ms</span>
              </div> <!-- configuration-method before -->
              <div class="test-method">
                <span class="method-name">CustomerInformationStoreNameTest</span>
                <span class="method-start">69158 ms</span>
              </div> <!-- test-method -->
              <div class="configuration-method after">
                <span class="method-name">teardown</span>
                <span class="method-start">69220 ms</span>
              </div> <!-- configuration-method after -->
              <div class="configuration-method before">
                <span class="method-name">setup</span>
                <span class="method-start">69359 ms</span>
              </div> <!-- configuration-method before -->
              <div class="test-method">
                <span class="method-name">VerifyCouponCodeLabelTest</span>
                <span class="method-start">75642 ms</span>
              </div> <!-- test-method -->
              <div class="configuration-method after">
                <span class="method-name">teardown</span>
                <span class="method-start">75721 ms</span>
              </div> <!-- configuration-method after -->
              <div class="configuration-method before">
                <span class="method-name">setup</span>
                <span class="method-start">75866 ms</span>
              </div> <!-- configuration-method before -->
              <div class="test-method">
                <span class="method-name">VerifyCouponCodeFieldTest</span>
                <span class="method-start">82079 ms</span>
              </div> <!-- test-method -->
              <div class="configuration-method after">
                <span class="method-name">teardown</span>
                <span class="method-start">82155 ms</span>
              </div> <!-- configuration-method after -->
              <div class="configuration-method before">
                <span class="method-name">setup</span>
                <span class="method-start">82348 ms</span>
              </div> <!-- configuration-method before -->
              <div class="test-method">
                <span class="method-name">VerifyApplyButtonTest</span>
                <span class="method-start">88324 ms</span>
              </div> <!-- test-method -->
              <div class="configuration-method after">
                <span class="method-name">teardown</span>
                <span class="method-start">88404 ms</span>
              </div> <!-- configuration-method after -->
              <div class="configuration-method before">
                <span class="method-name">setup</span>
                <span class="method-start">88609 ms</span>
              </div> <!-- configuration-method before -->
              <div class="test-method">
                <span class="method-name">VerifyApplyOfferButton</span>
                <span class="method-start">94890 ms</span>
              </div> <!-- test-method -->
              <div class="configuration-method after">
                <span class="method-name">teardown</span>
                <span class="method-start">95179 ms</span>
              </div> <!-- configuration-method after -->
            </div> <!-- chronological-class -->
            <div class="chronological-class">
              <div class="chronological-class-name">com.payment.qa.testcases.PaymentDetailsPageTest</div> <!-- chronological-class-name -->
              <div class="configuration-method before">
                <span class="method-name">setup</span>
                <span class="method-start">95361 ms</span>
              </div> <!-- configuration-method before -->
              <div class="test-method">
                <span class="method-name">VerifyPaymentOptionIsSelected</span>
                <span class="method-start">100802 ms</span>
              </div> <!-- test-method -->
              <div class="configuration-method after">
                <span class="method-name">teardown</span>
                <span class="method-start">100957 ms</span>
              </div> <!-- configuration-method after -->
              <div class="configuration-method before">
                <span class="method-name">setup</span>
                <span class="method-start">101125 ms</span>
              </div> <!-- configuration-method before -->
              <div class="test-method">
                <span class="method-name">SelectPaymentMethod</span>
                <span class="method-start">106208 ms</span>
              </div> <!-- test-method -->
              <div class="configuration-method after">
                <span class="method-name">teardown</span>
                <span class="method-start">106573 ms</span>
              </div> <!-- configuration-method after -->
              <div class="configuration-method before">
                <span class="method-name">setup</span>
                <span class="method-start">106756 ms</span>
              </div> <!-- configuration-method before -->
              <div class="test-method">
                <span class="method-name">VerifyCardOptionSelected</span>
                <span class="method-start">111604 ms</span>
              </div> <!-- test-method -->
              <div class="configuration-method after">
                <span class="method-name">teardown</span>
                <span class="method-start">111635 ms</span>
              </div> <!-- configuration-method after -->
              <div class="configuration-method before">
                <span class="method-name">setup</span>
                <span class="method-start">111830 ms</span>
              </div> <!-- configuration-method before -->
              <div class="test-method">
                <span class="method-name">verifyCardNumberFieldPresent</span>
                <span class="method-start">116845 ms</span>
              </div> <!-- test-method -->
              <div class="configuration-method after">
                <span class="method-name">teardown</span>
                <span class="method-start">116904 ms</span>
              </div> <!-- configuration-method after -->
              <div class="configuration-method before">
                <span class="method-name">setup</span>
                <span class="method-start">117090 ms</span>
              </div> <!-- configuration-method before -->
              <div class="test-method">
                <span class="method-name">VerifyNameOnCardFieldTest</span>
                <span class="method-start">122189 ms</span>
              </div> <!-- test-method -->
              <div class="configuration-method after">
                <span class="method-name">teardown</span>
                <span class="method-start">122256 ms</span>
              </div> <!-- configuration-method after -->
              <div class="configuration-method before">
                <span class="method-name">setup</span>
                <span class="method-start">122436 ms</span>
              </div> <!-- configuration-method before -->
              <div class="test-method">
                <span class="method-name">VerifyCVVFieldTest</span>
                <span class="method-start">127447 ms</span>
              </div> <!-- test-method -->
              <div class="configuration-method after">
                <span class="method-name">teardown</span>
                <span class="method-start">127527 ms</span>
              </div> <!-- configuration-method after -->
              <div class="configuration-method before">
                <span class="method-name">setup</span>
                <span class="method-start">127684 ms</span>
              </div> <!-- configuration-method before -->
              <div class="test-method">
                <span class="method-name">VerifyMonthSelectListTest</span>
                <span class="method-start">134957 ms</span>
              </div> <!-- test-method -->
              <div class="configuration-method after">
                <span class="method-name">teardown</span>
                <span class="method-start">135015 ms</span>
              </div> <!-- configuration-method after -->
              <div class="configuration-method before">
                <img src="failed.png">
                </img>
                <span class="method-name">setup</span>
                <span class="method-start">135187 ms</span>
              </div> <!-- configuration-method before -->
              <div class="test-method">
                <span class="method-name">VerifyYearSelectListTest</span>
                <span class="method-start">141578 ms</span>
              </div> <!-- test-method -->
              <div class="configuration-method after">
                <span class="method-name">teardown</span>
                <span class="method-start">141579 ms</span>
              </div> <!-- configuration-method after -->
              <div class="configuration-method before">
                <span class="method-name">setup</span>
                <span class="method-start">141580 ms</span>
              </div> <!-- configuration-method before -->
              <div class="test-method">
                <span class="method-name">VerifyPaymentButtonTest</span>
                <span class="method-start">141580 ms</span>
              </div> <!-- test-method -->
              <div class="configuration-method after">
                <span class="method-name">teardown</span>
                <span class="method-start">141581 ms</span>
              </div> <!-- configuration-method after -->
              <div class="configuration-method before">
                <span class="method-name">setup</span>
                <span class="method-start">141676 ms</span>
              </div> <!-- configuration-method before -->
              <div class="test-method">
                <span class="method-name">CreateTransactionData(2223520443560010, Test, 737, Nov, 2023)</span>
                <span class="method-start">141676 ms</span>
              </div> <!-- test-method -->
              <div class="configuration-method after">
                <span class="method-name">teardown</span>
                <span class="method-start">141677 ms</span>
              </div> <!-- configuration-method after -->
            </div> <!-- chronological-class -->
            <div class="chronological-class">
              <div class="chronological-class-name">com.payment.qa.testcases.NetBankingPageTest</div> <!-- chronological-class-name -->
              <div class="configuration-method before">
                <span class="method-name">setup</span>
                <span class="method-start">141680 ms</span>
              </div> <!-- configuration-method before -->
              <div class="test-method">
                <span class="method-name">CustomerInformationTitleTest</span>
                <span class="method-start">149420 ms</span>
              </div> <!-- test-method -->
              <div class="configuration-method after">
                <span class="method-name">teardown</span>
                <span class="method-start">149433 ms</span>
              </div> <!-- configuration-method after -->
              <div class="configuration-method before">
                <span class="method-name">setup</span>
                <span class="method-start">149567 ms</span>
              </div> <!-- configuration-method before -->
              <div class="test-method">
                <span class="method-name">CustomerInformationLogoTest</span>
                <span class="method-start">160271 ms</span>
              </div> <!-- test-method -->
              <div class="configuration-method after">
                <span class="method-name">teardown</span>
                <span class="method-start">160327 ms</span>
              </div> <!-- configuration-method after -->
              <div class="configuration-method before">
                <span class="method-name">setup</span>
                <span class="method-start">160541 ms</span>
              </div> <!-- configuration-method before -->
              <div class="test-method">
                <span class="method-name">VerifyProceedBtnTest</span>
                <span class="method-start">166717 ms</span>
              </div> <!-- test-method -->
              <div class="configuration-method after">
                <span class="method-name">teardown</span>
                <span class="method-start">166766 ms</span>
              </div> <!-- configuration-method after -->
              <div class="configuration-method before">
                <span class="method-name">setup</span>
                <span class="method-start">166953 ms</span>
              </div> <!-- configuration-method before -->
              <div class="test-method">
                <span class="method-name">SelectBankTest</span>
                <span class="method-start">173734 ms</span>
              </div> <!-- test-method -->
              <div class="configuration-method after">
                <span class="method-name">teardown</span>
                <span class="method-start">189182 ms</span>
              </div> <!-- configuration-method after -->
            </div> <!-- chronological-class -->
            <div class="chronological-class">
              <div class="chronological-class-name">com.payment.qa.testcases.UpiPageTest</div> <!-- chronological-class-name -->
              <div class="configuration-method before">
                <span class="method-name">setup</span>
                <span class="method-start">189482 ms</span>
              </div> <!-- configuration-method before -->
              <div class="test-method">
                <span class="method-name">VerifyUPIOptionSelectedTest</span>
                <span class="method-start">196054 ms</span>
              </div> <!-- test-method -->
              <div class="configuration-method after">
                <span class="method-name">teardown</span>
                <span class="method-start">196098 ms</span>
              </div> <!-- configuration-method after -->
              <div class="configuration-method before">
                <span class="method-name">setup</span>
                <span class="method-start">196283 ms</span>
              </div> <!-- configuration-method before -->
              <div class="test-method">
                <span class="method-name">VerifyUPIFieldAvailableTest</span>
                <span class="method-start">202464 ms</span>
              </div> <!-- test-method -->
              <div class="configuration-method after">
                <span class="method-name">teardown</span>
                <span class="method-start">202545 ms</span>
              </div> <!-- configuration-method after -->
              <div class="configuration-method before">
                <span class="method-name">setup</span>
                <span class="method-start">202731 ms</span>
              </div> <!-- configuration-method before -->
              <div class="test-method">
                <span class="method-name">verifyPayButtonTest</span>
                <span class="method-start">208819 ms</span>
              </div> <!-- test-method -->
              <div class="configuration-method after">
                <span class="method-name">teardown</span>
                <span class="method-start">210553 ms</span>
              </div> <!-- configuration-method after -->
          </div> <!-- main-panel-content rounded-window-bottom -->
        </div> <!-- panel -->
      </div> <!-- main-panel-root -->
    </div> <!-- wrapper -->
  </body>
<script type="text/javascript" src="testng-reports2.js"></script>
</html>
