<?xml version="1.0" encoding="UTF-8"?>
<testng-results ignored="0" total="29" passed="26" failed="0" skipped="3">
  <reporter-output>
  </reporter-output>
  <suite started-at="2021-06-02T09:40:07 IST" name="Unique Url Payment Page Automation Test Suite" finished-at="2021-06-02T09:43:38 IST" duration-ms="210829">
    <groups>
    </groups>
    <test started-at="2021-06-02T09:40:07 IST" name="Unique Url Pages Test Cases" finished-at="2021-06-02T09:43:38 IST" duration-ms="210829">
      <class name="com.payment.qa.testcases.PaymentDetailsPageTest">
        <test-method is-config="true" signature="setup()[pri:0, instance:com.payment.qa.testcases.PaymentDetailsPageTest@28c4711c]" started-at="2021-06-02T09:41:43 IST" name="setup" finished-at="2021-06-02T09:41:48 IST" duration-ms="5441" status="PASS">
          <reporter-output>
          </reporter-output>
        </test-method> <!-- setup -->
        <test-method signature="VerifyPaymentOptionIsSelected()[pri:1, instance:com.payment.qa.testcases.PaymentDetailsPageTest@28c4711c]" started-at="2021-06-02T09:41:48 IST" name="VerifyPaymentOptionIsSelected" finished-at="2021-06-02T09:41:48 IST" duration-ms="155" status="PASS">
          <reporter-output>
          </reporter-output>
        </test-method> <!-- VerifyPaymentOptionIsSelected -->
        <test-method is-config="true" signature="teardown()[pri:0, instance:com.payment.qa.testcases.PaymentDetailsPageTest@28c4711c]" started-at="2021-06-02T09:41:48 IST" name="teardown" finished-at="2021-06-02T09:41:49 IST" duration-ms="167" status="PASS">
          <reporter-output>
          </reporter-output>
        </test-method> <!-- teardown -->
        <test-method is-config="true" signature="setup()[pri:0, instance:com.payment.qa.testcases.PaymentDetailsPageTest@28c4711c]" started-at="2021-06-02T09:41:49 IST" name="setup" finished-at="2021-06-02T09:41:54 IST" duration-ms="5083" status="PASS">
          <reporter-output>
          </reporter-output>
        </test-method> <!-- setup -->
        <test-method signature="SelectPaymentMethod()[pri:2, instance:com.payment.qa.testcases.PaymentDetailsPageTest@28c4711c]" started-at="2021-06-02T09:41:54 IST" name="SelectPaymentMethod" finished-at="2021-06-02T09:41:54 IST" duration-ms="365" status="PASS">
          <reporter-output>
          </reporter-output>
        </test-method> <!-- SelectPaymentMethod -->
        <test-method is-config="true" signature="teardown()[pri:0, instance:com.payment.qa.testcases.PaymentDetailsPageTest@28c4711c]" started-at="2021-06-02T09:41:54 IST" name="teardown" finished-at="2021-06-02T09:41:54 IST" duration-ms="182" status="PASS">
          <reporter-output>
          </reporter-output>
        </test-method> <!-- teardown -->
        <test-method is-config="true" signature="setup()[pri:0, instance:com.payment.qa.testcases.PaymentDetailsPageTest@28c4711c]" started-at="2021-06-02T09:41:54 IST" name="setup" finished-at="2021-06-02T09:41:59 IST" duration-ms="4848" status="PASS">
          <reporter-output>
          </reporter-output>
        </test-method> <!-- setup -->
        <test-method signature="VerifyCardOptionSelected()[pri:2, instance:com.payment.qa.testcases.PaymentDetailsPageTest@28c4711c]" started-at="2021-06-02T09:41:59 IST" name="VerifyCardOptionSelected" finished-at="2021-06-02T09:41:59 IST" duration-ms="30" status="PASS">
          <reporter-output>
          </reporter-output>
        </test-method> <!-- VerifyCardOptionSelected -->
        <test-method is-config="true" signature="teardown()[pri:0, instance:com.payment.qa.testcases.PaymentDetailsPageTest@28c4711c]" started-at="2021-06-02T09:41:59 IST" name="teardown" finished-at="2021-06-02T09:41:59 IST" duration-ms="194" status="PASS">
          <reporter-output>
          </reporter-output>
        </test-method> <!-- teardown -->
        <test-method is-config="true" signature="setup()[pri:0, instance:com.payment.qa.testcases.PaymentDetailsPageTest@28c4711c]" started-at="2021-06-02T09:41:59 IST" name="setup" finished-at="2021-06-02T09:42:04 IST" duration-ms="5014" status="PASS">
          <reporter-output>
          </reporter-output>
        </test-method> <!-- setup -->
        <test-method signature="verifyCardNumberFieldPresent()[pri:3, instance:com.payment.qa.testcases.PaymentDetailsPageTest@28c4711c]" started-at="2021-06-02T09:42:04 IST" name="verifyCardNumberFieldPresent" finished-at="2021-06-02T09:42:04 IST" duration-ms="59" status="PASS">
          <reporter-output>
          </reporter-output>
        </test-method> <!-- verifyCardNumberFieldPresent -->
        <test-method is-config="true" signature="teardown()[pri:0, instance:com.payment.qa.testcases.PaymentDetailsPageTest@28c4711c]" started-at="2021-06-02T09:42:04 IST" name="teardown" finished-at="2021-06-02T09:42:05 IST" duration-ms="185" status="PASS">
          <reporter-output>
          </reporter-output>
        </test-method> <!-- teardown -->
        <test-method is-config="true" signature="setup()[pri:0, instance:com.payment.qa.testcases.PaymentDetailsPageTest@28c4711c]" started-at="2021-06-02T09:42:05 IST" name="setup" finished-at="2021-06-02T09:42:10 IST" duration-ms="5098" status="PASS">
          <reporter-output>
          </reporter-output>
        </test-method> <!-- setup -->
        <test-method signature="VerifyNameOnCardFieldTest()[pri:4, instance:com.payment.qa.testcases.PaymentDetailsPageTest@28c4711c]" started-at="2021-06-02T09:42:10 IST" name="VerifyNameOnCardFieldTest" finished-at="2021-06-02T09:42:10 IST" duration-ms="67" status="PASS">
          <reporter-output>
          </reporter-output>
        </test-method> <!-- VerifyNameOnCardFieldTest -->
        <test-method is-config="true" signature="teardown()[pri:0, instance:com.payment.qa.testcases.PaymentDetailsPageTest@28c4711c]" started-at="2021-06-02T09:42:10 IST" name="teardown" finished-at="2021-06-02T09:42:10 IST" duration-ms="178" status="PASS">
          <reporter-output>
          </reporter-output>
        </test-method> <!-- teardown -->
        <test-method is-config="true" signature="setup()[pri:0, instance:com.payment.qa.testcases.PaymentDetailsPageTest@28c4711c]" started-at="2021-06-02T09:42:10 IST" name="setup" finished-at="2021-06-02T09:42:15 IST" duration-ms="5011" status="PASS">
          <reporter-output>
          </reporter-output>
        </test-method> <!-- setup -->
        <test-method signature="VerifyCVVFieldTest()[pri:5, instance:com.payment.qa.testcases.PaymentDetailsPageTest@28c4711c]" started-at="2021-06-02T09:42:15 IST" name="VerifyCVVFieldTest" finished-at="2021-06-02T09:42:15 IST" duration-ms="79" status="PASS">
          <reporter-output>
          </reporter-output>
        </test-method> <!-- VerifyCVVFieldTest -->
        <test-method is-config="true" signature="teardown()[pri:0, instance:com.payment.qa.testcases.PaymentDetailsPageTest@28c4711c]" started-at="2021-06-02T09:42:15 IST" name="teardown" finished-at="2021-06-02T09:42:15 IST" duration-ms="156" status="PASS">
          <reporter-output>
          </reporter-output>
        </test-method> <!-- teardown -->
        <test-method is-config="true" signature="setup()[pri:0, instance:com.payment.qa.testcases.PaymentDetailsPageTest@28c4711c]" started-at="2021-06-02T09:42:15 IST" name="setup" finished-at="2021-06-02T09:42:22 IST" duration-ms="7273" status="PASS">
          <reporter-output>
          </reporter-output>
        </test-method> <!-- setup -->
        <test-method signature="VerifyMonthSelectListTest()[pri:6, instance:com.payment.qa.testcases.PaymentDetailsPageTest@28c4711c]" started-at="2021-06-02T09:42:22 IST" name="VerifyMonthSelectListTest" finished-at="2021-06-02T09:42:22 IST" duration-ms="58" status="PASS">
          <reporter-output>
          </reporter-output>
        </test-method> <!-- VerifyMonthSelectListTest -->
        <test-method is-config="true" signature="teardown()[pri:0, instance:com.payment.qa.testcases.PaymentDetailsPageTest@28c4711c]" started-at="2021-06-02T09:42:22 IST" name="teardown" finished-at="2021-06-02T09:42:23 IST" duration-ms="171" status="PASS">
          <reporter-output>
          </reporter-output>
        </test-method> <!-- teardown -->
        <test-method is-config="true" signature="setup()[pri:0, instance:com.payment.qa.testcases.PaymentDetailsPageTest@28c4711c]" started-at="2021-06-02T09:42:23 IST" name="setup" finished-at="2021-06-02T09:42:29 IST" duration-ms="6371" status="FAIL">
          <exception class="org.openqa.selenium.WebDriverException">
            <message>
              <![CDATA[disconnected: not connected to DevTools
  (Session info: chrome=91.0.4472.77)
Build info: version: '3.141.59', revision: 'e82be7d358', time: '2018-11-14T08:17:03'
System info: host: 'Ambrishs-Air', ip: '2409:4043:18:f7a9:8cf1:fecf:a7a:da33%en0', os.name: 'Mac OS X', os.arch: 'x86_64', os.version: '10.16', java.version: '15.0.2'
Driver info: org.openqa.selenium.chrome.ChromeDriver
Capabilities {acceptInsecureCerts: false, browserName: chrome, browserVersion: 91.0.4472.77, chrome: {chromedriverVersion: 90.0.4430.24 (4c6d850f087da..., userDataDir: /var/folders/dy/nvj0bpfx62j...}, goog:chromeOptions: {debuggerAddress: localhost:59979}, javascriptEnabled: true, networkConnectionEnabled: false, pageLoadStrategy: normal, platform: MAC, platformName: MAC, proxy: Proxy(), setWindowRect: true, strictFileInteractability: false, timeouts: {implicit: 0, pageLoad: 300000, script: 30000}, unhandledPromptBehavior: dismiss and notify, webauthn:extension:largeBlob: true, webauthn:virtualAuthenticators: true}
Session ID: f52a5339d05c406496b57b8d97699f30]]>
            </message>
            <full-stacktrace>
              <![CDATA[org.openqa.selenium.WebDriverException: disconnected: not connected to DevTools
  (Session info: chrome=91.0.4472.77)
Build info: version: '3.141.59', revision: 'e82be7d358', time: '2018-11-14T08:17:03'
System info: host: 'Ambrishs-Air', ip: '2409:4043:18:f7a9:8cf1:fecf:a7a:da33%en0', os.name: 'Mac OS X', os.arch: 'x86_64', os.version: '10.16', java.version: '15.0.2'
Driver info: org.openqa.selenium.chrome.ChromeDriver
Capabilities {acceptInsecureCerts: false, browserName: chrome, browserVersion: 91.0.4472.77, chrome: {chromedriverVersion: 90.0.4430.24 (4c6d850f087da..., userDataDir: /var/folders/dy/nvj0bpfx62j...}, goog:chromeOptions: {debuggerAddress: localhost:59979}, javascriptEnabled: true, networkConnectionEnabled: false, pageLoadStrategy: normal, platform: MAC, platformName: MAC, proxy: Proxy(), setWindowRect: true, strictFileInteractability: false, timeouts: {implicit: 0, pageLoad: 300000, script: 30000}, unhandledPromptBehavior: dismiss and notify, webauthn:extension:largeBlob: true, webauthn:virtualAuthenticators: true}
Session ID: f52a5339d05c406496b57b8d97699f30
at java.base/jdk.internal.reflect.NativeConstructorAccessorImpl.newInstance0(Native Method)
at java.base/jdk.internal.reflect.NativeConstructorAccessorImpl.newInstance(NativeConstructorAccessorImpl.java:64)
at java.base/jdk.internal.reflect.DelegatingConstructorAccessorImpl.newInstance(DelegatingConstructorAccessorImpl.java:45)
at java.base/java.lang.reflect.Constructor.newInstanceWithCaller(Constructor.java:500)
at java.base/java.lang.reflect.Constructor.newInstance(Constructor.java:481)
at org.openqa.selenium.remote.http.W3CHttpResponseCodec.createException(W3CHttpResponseCodec.java:187)
at org.openqa.selenium.remote.http.W3CHttpResponseCodec.decode(W3CHttpResponseCodec.java:122)
at org.openqa.selenium.remote.http.W3CHttpResponseCodec.decode(W3CHttpResponseCodec.java:49)
at org.openqa.selenium.remote.HttpCommandExecutor.execute(HttpCommandExecutor.java:158)
at org.openqa.selenium.remote.service.DriverCommandExecutor.execute(DriverCommandExecutor.java:83)
at org.openqa.selenium.remote.RemoteWebDriver.execute(RemoteWebDriver.java:552)
at org.openqa.selenium.remote.RemoteWebElement.execute(RemoteWebElement.java:285)
at org.openqa.selenium.remote.RemoteWebElement.sendKeys(RemoteWebElement.java:106)
at jdk.internal.reflect.GeneratedMethodAccessor1.invoke(Unknown Source)
at java.base/jdk.internal.reflect.DelegatingMethodAccessorImpl.invoke(DelegatingMethodAccessorImpl.java:43)
at java.base/java.lang.reflect.Method.invoke(Method.java:564)
at org.openqa.selenium.support.pagefactory.internal.LocatingElementHandler.invoke(LocatingElementHandler.java:51)
at com.sun.proxy.$Proxy12.sendKeys(Unknown Source)
at com.payment.qa.pages.CustomerInformationPage.EnterCustomerInformation(CustomerInformationPage.java:78)
at com.payment.qa.testcases.PaymentDetailsPageTest.setup(PaymentDetailsPageTest.java:40)
at java.base/jdk.internal.reflect.NativeMethodAccessorImpl.invoke0(Native Method)
at java.base/jdk.internal.reflect.NativeMethodAccessorImpl.invoke(NativeMethodAccessorImpl.java:64)
at java.base/jdk.internal.reflect.DelegatingMethodAccessorImpl.invoke(DelegatingMethodAccessorImpl.java:43)
at java.base/java.lang.reflect.Method.invoke(Method.java:564)
at org.testng.internal.MethodInvocationHelper.invokeMethod(MethodInvocationHelper.java:133)
at org.testng.internal.MethodInvocationHelper.invokeMethodConsideringTimeout(MethodInvocationHelper.java:62)
at org.testng.internal.ConfigInvoker.invokeConfigurationMethod(ConfigInvoker.java:385)
at org.testng.internal.ConfigInvoker.invokeConfigurations(ConfigInvoker.java:321)
at org.testng.internal.TestInvoker.runConfigMethods(TestInvoker.java:700)
at org.testng.internal.TestInvoker.invokeMethod(TestInvoker.java:527)
at org.testng.internal.TestInvoker.invokeTestMethod(TestInvoker.java:173)
at org.testng.internal.MethodRunner.runInSequence(MethodRunner.java:46)
at org.testng.internal.TestInvoker$MethodInvocationAgent.invoke(TestInvoker.java:824)
at org.testng.internal.TestInvoker.invokeTestMethods(TestInvoker.java:146)
at org.testng.internal.TestMethodWorker.invokeTestMethods(TestMethodWorker.java:146)
at org.testng.internal.TestMethodWorker.run(TestMethodWorker.java:128)
at java.base/java.util.ArrayList.forEach(ArrayList.java:1511)
at org.testng.TestRunner.privateRun(TestRunner.java:794)
at org.testng.TestRunner.run(TestRunner.java:596)
at org.testng.SuiteRunner.runTest(SuiteRunner.java:377)
at org.testng.SuiteRunner.runSequentially(SuiteRunner.java:371)
at org.testng.SuiteRunner.privateRun(SuiteRunner.java:332)
at org.testng.SuiteRunner.run(SuiteRunner.java:276)
at org.testng.SuiteRunnerWorker.runSuite(SuiteRunnerWorker.java:53)
at org.testng.SuiteRunnerWorker.run(SuiteRunnerWorker.java:96)
at org.testng.TestNG.runSuitesSequentially(TestNG.java:1212)
at org.testng.TestNG.runSuitesLocally(TestNG.java:1134)
at org.testng.TestNG.runSuites(TestNG.java:1063)
at org.testng.TestNG.run(TestNG.java:1031)
at com.intellij.rt.testng.IDEARemoteTestNG.run(IDEARemoteTestNG.java:66)
at com.intellij.rt.testng.RemoteTestNGStarter.main(RemoteTestNGStarter.java:109)
]]>
            </full-stacktrace>
          </exception> <!-- org.openqa.selenium.WebDriverException -->
          <reporter-output>
          </reporter-output>
        </test-method> <!-- setup -->
        <test-method signature="VerifyYearSelectListTest()[pri:7, instance:com.payment.qa.testcases.PaymentDetailsPageTest@28c4711c]" started-at="2021-06-02T09:42:29 IST" name="VerifyYearSelectListTest" finished-at="2021-06-02T09:42:29 IST" duration-ms="0" status="SKIP">
          <exception class="org.openqa.selenium.WebDriverException">
            <message>
              <![CDATA[disconnected: not connected to DevTools
  (Session info: chrome=91.0.4472.77)
Build info: version: '3.141.59', revision: 'e82be7d358', time: '2018-11-14T08:17:03'
System info: host: 'Ambrishs-Air', ip: '2409:4043:18:f7a9:8cf1:fecf:a7a:da33%en0', os.name: 'Mac OS X', os.arch: 'x86_64', os.version: '10.16', java.version: '15.0.2'
Driver info: org.openqa.selenium.chrome.ChromeDriver
Capabilities {acceptInsecureCerts: false, browserName: chrome, browserVersion: 91.0.4472.77, chrome: {chromedriverVersion: 90.0.4430.24 (4c6d850f087da..., userDataDir: /var/folders/dy/nvj0bpfx62j...}, goog:chromeOptions: {debuggerAddress: localhost:59979}, javascriptEnabled: true, networkConnectionEnabled: false, pageLoadStrategy: normal, platform: MAC, platformName: MAC, proxy: Proxy(), setWindowRect: true, strictFileInteractability: false, timeouts: {implicit: 0, pageLoad: 300000, script: 30000}, unhandledPromptBehavior: dismiss and notify, webauthn:extension:largeBlob: true, webauthn:virtualAuthenticators: true}
Session ID: f52a5339d05c406496b57b8d97699f30]]>
            </message>
            <full-stacktrace>
              <![CDATA[org.openqa.selenium.WebDriverException: disconnected: not connected to DevTools
  (Session info: chrome=91.0.4472.77)
Build info: version: '3.141.59', revision: 'e82be7d358', time: '2018-11-14T08:17:03'
System info: host: 'Ambrishs-Air', ip: '2409:4043:18:f7a9:8cf1:fecf:a7a:da33%en0', os.name: 'Mac OS X', os.arch: 'x86_64', os.version: '10.16', java.version: '15.0.2'
Driver info: org.openqa.selenium.chrome.ChromeDriver
Capabilities {acceptInsecureCerts: false, browserName: chrome, browserVersion: 91.0.4472.77, chrome: {chromedriverVersion: 90.0.4430.24 (4c6d850f087da..., userDataDir: /var/folders/dy/nvj0bpfx62j...}, goog:chromeOptions: {debuggerAddress: localhost:59979}, javascriptEnabled: true, networkConnectionEnabled: false, pageLoadStrategy: normal, platform: MAC, platformName: MAC, proxy: Proxy(), setWindowRect: true, strictFileInteractability: false, timeouts: {implicit: 0, pageLoad: 300000, script: 30000}, unhandledPromptBehavior: dismiss and notify, webauthn:extension:largeBlob: true, webauthn:virtualAuthenticators: true}
Session ID: f52a5339d05c406496b57b8d97699f30
at java.base/jdk.internal.reflect.NativeConstructorAccessorImpl.newInstance0(Native Method)
at java.base/jdk.internal.reflect.NativeConstructorAccessorImpl.newInstance(NativeConstructorAccessorImpl.java:64)
at java.base/jdk.internal.reflect.DelegatingConstructorAccessorImpl.newInstance(DelegatingConstructorAccessorImpl.java:45)
at java.base/java.lang.reflect.Constructor.newInstanceWithCaller(Constructor.java:500)
at java.base/java.lang.reflect.Constructor.newInstance(Constructor.java:481)
at org.openqa.selenium.remote.http.W3CHttpResponseCodec.createException(W3CHttpResponseCodec.java:187)
at org.openqa.selenium.remote.http.W3CHttpResponseCodec.decode(W3CHttpResponseCodec.java:122)
at org.openqa.selenium.remote.http.W3CHttpResponseCodec.decode(W3CHttpResponseCodec.java:49)
at org.openqa.selenium.remote.HttpCommandExecutor.execute(HttpCommandExecutor.java:158)
at org.openqa.selenium.remote.service.DriverCommandExecutor.execute(DriverCommandExecutor.java:83)
at org.openqa.selenium.remote.RemoteWebDriver.execute(RemoteWebDriver.java:552)
at org.openqa.selenium.remote.RemoteWebElement.execute(RemoteWebElement.java:285)
at org.openqa.selenium.remote.RemoteWebElement.sendKeys(RemoteWebElement.java:106)
at jdk.internal.reflect.GeneratedMethodAccessor1.invoke(Unknown Source)
at java.base/jdk.internal.reflect.DelegatingMethodAccessorImpl.invoke(DelegatingMethodAccessorImpl.java:43)
at java.base/java.lang.reflect.Method.invoke(Method.java:564)
at org.openqa.selenium.support.pagefactory.internal.LocatingElementHandler.invoke(LocatingElementHandler.java:51)
at com.sun.proxy.$Proxy12.sendKeys(Unknown Source)
at com.payment.qa.pages.CustomerInformationPage.EnterCustomerInformation(CustomerInformationPage.java:78)
at com.payment.qa.testcases.PaymentDetailsPageTest.setup(PaymentDetailsPageTest.java:40)
at java.base/jdk.internal.reflect.NativeMethodAccessorImpl.invoke0(Native Method)
at java.base/jdk.internal.reflect.NativeMethodAccessorImpl.invoke(NativeMethodAccessorImpl.java:64)
at java.base/jdk.internal.reflect.DelegatingMethodAccessorImpl.invoke(DelegatingMethodAccessorImpl.java:43)
at java.base/java.lang.reflect.Method.invoke(Method.java:564)
at org.testng.internal.MethodInvocationHelper.invokeMethod(MethodInvocationHelper.java:133)
at org.testng.internal.MethodInvocationHelper.invokeMethodConsideringTimeout(MethodInvocationHelper.java:62)
at org.testng.internal.ConfigInvoker.invokeConfigurationMethod(ConfigInvoker.java:385)
at org.testng.internal.ConfigInvoker.invokeConfigurations(ConfigInvoker.java:321)
at org.testng.internal.TestInvoker.runConfigMethods(TestInvoker.java:700)
at org.testng.internal.TestInvoker.invokeMethod(TestInvoker.java:527)
at org.testng.internal.TestInvoker.invokeTestMethod(TestInvoker.java:173)
at org.testng.internal.MethodRunner.runInSequence(MethodRunner.java:46)
at org.testng.internal.TestInvoker$MethodInvocationAgent.invoke(TestInvoker.java:824)
at org.testng.internal.TestInvoker.invokeTestMethods(TestInvoker.java:146)
at org.testng.internal.TestMethodWorker.invokeTestMethods(TestMethodWorker.java:146)
at org.testng.internal.TestMethodWorker.run(TestMethodWorker.java:128)
at java.base/java.util.ArrayList.forEach(ArrayList.java:1511)
at org.testng.TestRunner.privateRun(TestRunner.java:794)
at org.testng.TestRunner.run(TestRunner.java:596)
at org.testng.SuiteRunner.runTest(SuiteRunner.java:377)
at org.testng.SuiteRunner.runSequentially(SuiteRunner.java:371)
at org.testng.SuiteRunner.privateRun(SuiteRunner.java:332)
at org.testng.SuiteRunner.run(SuiteRunner.java:276)
at org.testng.SuiteRunnerWorker.runSuite(SuiteRunnerWorker.java:53)
at org.testng.SuiteRunnerWorker.run(SuiteRunnerWorker.java:96)
at org.testng.TestNG.runSuitesSequentially(TestNG.java:1212)
at org.testng.TestNG.runSuitesLocally(TestNG.java:1134)
at org.testng.TestNG.runSuites(TestNG.java:1063)
at org.testng.TestNG.run(TestNG.java:1031)
at com.intellij.rt.testng.IDEARemoteTestNG.run(IDEARemoteTestNG.java:66)
at com.intellij.rt.testng.RemoteTestNGStarter.main(RemoteTestNGStarter.java:109)
]]>
            </full-stacktrace>
          </exception> <!-- org.openqa.selenium.WebDriverException -->
          <reporter-output>
          </reporter-output>
        </test-method> <!-- VerifyYearSelectListTest -->
        <test-method is-config="true" signature="teardown()[pri:0, instance:com.payment.qa.testcases.PaymentDetailsPageTest@28c4711c]" started-at="2021-06-02T09:42:29 IST" name="teardown" finished-at="1970-01-01T05:30:00 IST" duration-ms="-1622607149497" status="SKIP">
          <reporter-output>
          </reporter-output>
        </test-method> <!-- teardown -->
        <test-method is-config="true" signature="setup()[pri:0, instance:com.payment.qa.testcases.PaymentDetailsPageTest@28c4711c]" started-at="2021-06-02T09:42:29 IST" name="setup" finished-at="1970-01-01T05:30:00 IST" duration-ms="-1622607149498" status="SKIP">
          <reporter-output>
          </reporter-output>
        </test-method> <!-- setup -->
        <test-method signature="VerifyPaymentButtonTest()[pri:8, instance:com.payment.qa.testcases.PaymentDetailsPageTest@28c4711c]" started-at="2021-06-02T09:42:29 IST" name="VerifyPaymentButtonTest" finished-at="2021-06-02T09:42:29 IST" duration-ms="0" status="SKIP">
          <exception class="org.openqa.selenium.WebDriverException">
            <message>
              <![CDATA[disconnected: not connected to DevTools
  (Session info: chrome=91.0.4472.77)
Build info: version: '3.141.59', revision: 'e82be7d358', time: '2018-11-14T08:17:03'
System info: host: 'Ambrishs-Air', ip: '2409:4043:18:f7a9:8cf1:fecf:a7a:da33%en0', os.name: 'Mac OS X', os.arch: 'x86_64', os.version: '10.16', java.version: '15.0.2'
Driver info: org.openqa.selenium.chrome.ChromeDriver
Capabilities {acceptInsecureCerts: false, browserName: chrome, browserVersion: 91.0.4472.77, chrome: {chromedriverVersion: 90.0.4430.24 (4c6d850f087da..., userDataDir: /var/folders/dy/nvj0bpfx62j...}, goog:chromeOptions: {debuggerAddress: localhost:59979}, javascriptEnabled: true, networkConnectionEnabled: false, pageLoadStrategy: normal, platform: MAC, platformName: MAC, proxy: Proxy(), setWindowRect: true, strictFileInteractability: false, timeouts: {implicit: 0, pageLoad: 300000, script: 30000}, unhandledPromptBehavior: dismiss and notify, webauthn:extension:largeBlob: true, webauthn:virtualAuthenticators: true}
Session ID: f52a5339d05c406496b57b8d97699f30]]>
            </message>
            <full-stacktrace>
              <![CDATA[org.openqa.selenium.WebDriverException: disconnected: not connected to DevTools
  (Session info: chrome=91.0.4472.77)
Build info: version: '3.141.59', revision: 'e82be7d358', time: '2018-11-14T08:17:03'
System info: host: 'Ambrishs-Air', ip: '2409:4043:18:f7a9:8cf1:fecf:a7a:da33%en0', os.name: 'Mac OS X', os.arch: 'x86_64', os.version: '10.16', java.version: '15.0.2'
Driver info: org.openqa.selenium.chrome.ChromeDriver
Capabilities {acceptInsecureCerts: false, browserName: chrome, browserVersion: 91.0.4472.77, chrome: {chromedriverVersion: 90.0.4430.24 (4c6d850f087da..., userDataDir: /var/folders/dy/nvj0bpfx62j...}, goog:chromeOptions: {debuggerAddress: localhost:59979}, javascriptEnabled: true, networkConnectionEnabled: false, pageLoadStrategy: normal, platform: MAC, platformName: MAC, proxy: Proxy(), setWindowRect: true, strictFileInteractability: false, timeouts: {implicit: 0, pageLoad: 300000, script: 30000}, unhandledPromptBehavior: dismiss and notify, webauthn:extension:largeBlob: true, webauthn:virtualAuthenticators: true}
Session ID: f52a5339d05c406496b57b8d97699f30
at java.base/jdk.internal.reflect.NativeConstructorAccessorImpl.newInstance0(Native Method)
at java.base/jdk.internal.reflect.NativeConstructorAccessorImpl.newInstance(NativeConstructorAccessorImpl.java:64)
at java.base/jdk.internal.reflect.DelegatingConstructorAccessorImpl.newInstance(DelegatingConstructorAccessorImpl.java:45)
at java.base/java.lang.reflect.Constructor.newInstanceWithCaller(Constructor.java:500)
at java.base/java.lang.reflect.Constructor.newInstance(Constructor.java:481)
at org.openqa.selenium.remote.http.W3CHttpResponseCodec.createException(W3CHttpResponseCodec.java:187)
at org.openqa.selenium.remote.http.W3CHttpResponseCodec.decode(W3CHttpResponseCodec.java:122)
at org.openqa.selenium.remote.http.W3CHttpResponseCodec.decode(W3CHttpResponseCodec.java:49)
at org.openqa.selenium.remote.HttpCommandExecutor.execute(HttpCommandExecutor.java:158)
at org.openqa.selenium.remote.service.DriverCommandExecutor.execute(DriverCommandExecutor.java:83)
at org.openqa.selenium.remote.RemoteWebDriver.execute(RemoteWebDriver.java:552)
at org.openqa.selenium.remote.RemoteWebElement.execute(RemoteWebElement.java:285)
at org.openqa.selenium.remote.RemoteWebElement.sendKeys(RemoteWebElement.java:106)
at jdk.internal.reflect.GeneratedMethodAccessor1.invoke(Unknown Source)
at java.base/jdk.internal.reflect.DelegatingMethodAccessorImpl.invoke(DelegatingMethodAccessorImpl.java:43)
at java.base/java.lang.reflect.Method.invoke(Method.java:564)
at org.openqa.selenium.support.pagefactory.internal.LocatingElementHandler.invoke(LocatingElementHandler.java:51)
at com.sun.proxy.$Proxy12.sendKeys(Unknown Source)
at com.payment.qa.pages.CustomerInformationPage.EnterCustomerInformation(CustomerInformationPage.java:78)
at com.payment.qa.testcases.PaymentDetailsPageTest.setup(PaymentDetailsPageTest.java:40)
at java.base/jdk.internal.reflect.NativeMethodAccessorImpl.invoke0(Native Method)
at java.base/jdk.internal.reflect.NativeMethodAccessorImpl.invoke(NativeMethodAccessorImpl.java:64)
at java.base/jdk.internal.reflect.DelegatingMethodAccessorImpl.invoke(DelegatingMethodAccessorImpl.java:43)
at java.base/java.lang.reflect.Method.invoke(Method.java:564)
at org.testng.internal.MethodInvocationHelper.invokeMethod(MethodInvocationHelper.java:133)
at org.testng.internal.MethodInvocationHelper.invokeMethodConsideringTimeout(MethodInvocationHelper.java:62)
at org.testng.internal.ConfigInvoker.invokeConfigurationMethod(ConfigInvoker.java:385)
at org.testng.internal.ConfigInvoker.invokeConfigurations(ConfigInvoker.java:321)
at org.testng.internal.TestInvoker.runConfigMethods(TestInvoker.java:700)
at org.testng.internal.TestInvoker.invokeMethod(TestInvoker.java:527)
at org.testng.internal.TestInvoker.invokeTestMethod(TestInvoker.java:173)
at org.testng.internal.MethodRunner.runInSequence(MethodRunner.java:46)
at org.testng.internal.TestInvoker$MethodInvocationAgent.invoke(TestInvoker.java:824)
at org.testng.internal.TestInvoker.invokeTestMethods(TestInvoker.java:146)
at org.testng.internal.TestMethodWorker.invokeTestMethods(TestMethodWorker.java:146)
at org.testng.internal.TestMethodWorker.run(TestMethodWorker.java:128)
at java.base/java.util.ArrayList.forEach(ArrayList.java:1511)
at org.testng.TestRunner.privateRun(TestRunner.java:794)
at org.testng.TestRunner.run(TestRunner.java:596)
at org.testng.SuiteRunner.runTest(SuiteRunner.java:377)
at org.testng.SuiteRunner.runSequentially(SuiteRunner.java:371)
at org.testng.SuiteRunner.privateRun(SuiteRunner.java:332)
at org.testng.SuiteRunner.run(SuiteRunner.java:276)
at org.testng.SuiteRunnerWorker.runSuite(SuiteRunnerWorker.java:53)
at org.testng.SuiteRunnerWorker.run(SuiteRunnerWorker.java:96)
at org.testng.TestNG.runSuitesSequentially(TestNG.java:1212)
at org.testng.TestNG.runSuitesLocally(TestNG.java:1134)
at org.testng.TestNG.runSuites(TestNG.java:1063)
at org.testng.TestNG.run(TestNG.java:1031)
at com.intellij.rt.testng.IDEARemoteTestNG.run(IDEARemoteTestNG.java:66)
at com.intellij.rt.testng.RemoteTestNGStarter.main(RemoteTestNGStarter.java:109)
]]>
            </full-stacktrace>
          </exception> <!-- org.openqa.selenium.WebDriverException -->
          <reporter-output>
          </reporter-output>
        </test-method> <!-- VerifyPaymentButtonTest -->
        <test-method is-config="true" signature="teardown()[pri:0, instance:com.payment.qa.testcases.PaymentDetailsPageTest@28c4711c]" started-at="2021-06-02T09:42:29 IST" name="teardown" finished-at="1970-01-01T05:30:00 IST" duration-ms="-1622607149499" status="SKIP">
          <reporter-output>
          </reporter-output>
        </test-method> <!-- teardown -->
        <test-method is-config="true" signature="setup()[pri:0, instance:com.payment.qa.testcases.PaymentDetailsPageTest@28c4711c]" started-at="2021-06-02T09:42:29 IST" name="setup" finished-at="1970-01-01T05:30:00 IST" duration-ms="-1622607149594" status="SKIP">
          <reporter-output>
          </reporter-output>
        </test-method> <!-- setup -->
        <test-method signature="CreateTransactionData(java.lang.String,java.lang.String,java.lang.String,java.lang.String,java.lang.String)[pri:9, instance:com.payment.qa.testcases.PaymentDetailsPageTest@28c4711c]" started-at="2021-06-02T09:42:29 IST" name="CreateTransactionData" data-provider="getCustomerData" finished-at="2021-06-02T09:42:29 IST" duration-ms="1" status="SKIP">
          <params>
            <param index="0">
              <value>
                <![CDATA[2223520443560010]]>
              </value>
            </param>
            <param index="1">
              <value>
                <![CDATA[Test]]>
              </value>
            </param>
            <param index="2">
              <value>
                <![CDATA[737]]>
              </value>
            </param>
            <param index="3">
              <value>
                <![CDATA[Nov]]>
              </value>
            </param>
            <param index="4">
              <value>
                <![CDATA[2023]]>
              </value>
            </param>
          </params>
          <exception class="org.openqa.selenium.WebDriverException">
            <message>
              <![CDATA[disconnected: not connected to DevTools
  (Session info: chrome=91.0.4472.77)
Build info: version: '3.141.59', revision: 'e82be7d358', time: '2018-11-14T08:17:03'
System info: host: 'Ambrishs-Air', ip: '2409:4043:18:f7a9:8cf1:fecf:a7a:da33%en0', os.name: 'Mac OS X', os.arch: 'x86_64', os.version: '10.16', java.version: '15.0.2'
Driver info: org.openqa.selenium.chrome.ChromeDriver
Capabilities {acceptInsecureCerts: false, browserName: chrome, browserVersion: 91.0.4472.77, chrome: {chromedriverVersion: 90.0.4430.24 (4c6d850f087da..., userDataDir: /var/folders/dy/nvj0bpfx62j...}, goog:chromeOptions: {debuggerAddress: localhost:59979}, javascriptEnabled: true, networkConnectionEnabled: false, pageLoadStrategy: normal, platform: MAC, platformName: MAC, proxy: Proxy(), setWindowRect: true, strictFileInteractability: false, timeouts: {implicit: 0, pageLoad: 300000, script: 30000}, unhandledPromptBehavior: dismiss and notify, webauthn:extension:largeBlob: true, webauthn:virtualAuthenticators: true}
Session ID: f52a5339d05c406496b57b8d97699f30]]>
            </message>
            <full-stacktrace>
              <![CDATA[org.openqa.selenium.WebDriverException: disconnected: not connected to DevTools
  (Session info: chrome=91.0.4472.77)
Build info: version: '3.141.59', revision: 'e82be7d358', time: '2018-11-14T08:17:03'
System info: host: 'Ambrishs-Air', ip: '2409:4043:18:f7a9:8cf1:fecf:a7a:da33%en0', os.name: 'Mac OS X', os.arch: 'x86_64', os.version: '10.16', java.version: '15.0.2'
Driver info: org.openqa.selenium.chrome.ChromeDriver
Capabilities {acceptInsecureCerts: false, browserName: chrome, browserVersion: 91.0.4472.77, chrome: {chromedriverVersion: 90.0.4430.24 (4c6d850f087da..., userDataDir: /var/folders/dy/nvj0bpfx62j...}, goog:chromeOptions: {debuggerAddress: localhost:59979}, javascriptEnabled: true, networkConnectionEnabled: false, pageLoadStrategy: normal, platform: MAC, platformName: MAC, proxy: Proxy(), setWindowRect: true, strictFileInteractability: false, timeouts: {implicit: 0, pageLoad: 300000, script: 30000}, unhandledPromptBehavior: dismiss and notify, webauthn:extension:largeBlob: true, webauthn:virtualAuthenticators: true}
Session ID: f52a5339d05c406496b57b8d97699f30
at java.base/jdk.internal.reflect.NativeConstructorAccessorImpl.newInstance0(Native Method)
at java.base/jdk.internal.reflect.NativeConstructorAccessorImpl.newInstance(NativeConstructorAccessorImpl.java:64)
at java.base/jdk.internal.reflect.DelegatingConstructorAccessorImpl.newInstance(DelegatingConstructorAccessorImpl.java:45)
at java.base/java.lang.reflect.Constructor.newInstanceWithCaller(Constructor.java:500)
at java.base/java.lang.reflect.Constructor.newInstance(Constructor.java:481)
at org.openqa.selenium.remote.http.W3CHttpResponseCodec.createException(W3CHttpResponseCodec.java:187)
at org.openqa.selenium.remote.http.W3CHttpResponseCodec.decode(W3CHttpResponseCodec.java:122)
at org.openqa.selenium.remote.http.W3CHttpResponseCodec.decode(W3CHttpResponseCodec.java:49)
at org.openqa.selenium.remote.HttpCommandExecutor.execute(HttpCommandExecutor.java:158)
at org.openqa.selenium.remote.service.DriverCommandExecutor.execute(DriverCommandExecutor.java:83)
at org.openqa.selenium.remote.RemoteWebDriver.execute(RemoteWebDriver.java:552)
at org.openqa.selenium.remote.RemoteWebElement.execute(RemoteWebElement.java:285)
at org.openqa.selenium.remote.RemoteWebElement.sendKeys(RemoteWebElement.java:106)
at jdk.internal.reflect.GeneratedMethodAccessor1.invoke(Unknown Source)
at java.base/jdk.internal.reflect.DelegatingMethodAccessorImpl.invoke(DelegatingMethodAccessorImpl.java:43)
at java.base/java.lang.reflect.Method.invoke(Method.java:564)
at org.openqa.selenium.support.pagefactory.internal.LocatingElementHandler.invoke(LocatingElementHandler.java:51)
at com.sun.proxy.$Proxy12.sendKeys(Unknown Source)
at com.payment.qa.pages.CustomerInformationPage.EnterCustomerInformation(CustomerInformationPage.java:78)
at com.payment.qa.testcases.PaymentDetailsPageTest.setup(PaymentDetailsPageTest.java:40)
at java.base/jdk.internal.reflect.NativeMethodAccessorImpl.invoke0(Native Method)
at java.base/jdk.internal.reflect.NativeMethodAccessorImpl.invoke(NativeMethodAccessorImpl.java:64)
at java.base/jdk.internal.reflect.DelegatingMethodAccessorImpl.invoke(DelegatingMethodAccessorImpl.java:43)
at java.base/java.lang.reflect.Method.invoke(Method.java:564)
at org.testng.internal.MethodInvocationHelper.invokeMethod(MethodInvocationHelper.java:133)
at org.testng.internal.MethodInvocationHelper.invokeMethodConsideringTimeout(MethodInvocationHelper.java:62)
at org.testng.internal.ConfigInvoker.invokeConfigurationMethod(ConfigInvoker.java:385)
at org.testng.internal.ConfigInvoker.invokeConfigurations(ConfigInvoker.java:321)
at org.testng.internal.TestInvoker.runConfigMethods(TestInvoker.java:700)
at org.testng.internal.TestInvoker.invokeMethod(TestInvoker.java:527)
at org.testng.internal.TestInvoker.invokeTestMethod(TestInvoker.java:173)
at org.testng.internal.MethodRunner.runInSequence(MethodRunner.java:46)
at org.testng.internal.TestInvoker$MethodInvocationAgent.invoke(TestInvoker.java:824)
at org.testng.internal.TestInvoker.invokeTestMethods(TestInvoker.java:146)
at org.testng.internal.TestMethodWorker.invokeTestMethods(TestMethodWorker.java:146)
at org.testng.internal.TestMethodWorker.run(TestMethodWorker.java:128)
at java.base/java.util.ArrayList.forEach(ArrayList.java:1511)
at org.testng.TestRunner.privateRun(TestRunner.java:794)
at org.testng.TestRunner.run(TestRunner.java:596)
at org.testng.SuiteRunner.runTest(SuiteRunner.java:377)
at org.testng.SuiteRunner.runSequentially(SuiteRunner.java:371)
at org.testng.SuiteRunner.privateRun(SuiteRunner.java:332)
at org.testng.SuiteRunner.run(SuiteRunner.java:276)
at org.testng.SuiteRunnerWorker.runSuite(SuiteRunnerWorker.java:53)
at org.testng.SuiteRunnerWorker.run(SuiteRunnerWorker.java:96)
at org.testng.TestNG.runSuitesSequentially(TestNG.java:1212)
at org.testng.TestNG.runSuitesLocally(TestNG.java:1134)
at org.testng.TestNG.runSuites(TestNG.java:1063)
at org.testng.TestNG.run(TestNG.java:1031)
at com.intellij.rt.testng.IDEARemoteTestNG.run(IDEARemoteTestNG.java:66)
at com.intellij.rt.testng.RemoteTestNGStarter.main(RemoteTestNGStarter.java:109)
]]>
            </full-stacktrace>
          </exception> <!-- org.openqa.selenium.WebDriverException -->
          <reporter-output>
          </reporter-output>
        </test-method> <!-- CreateTransactionData -->
        <test-method is-config="true" signature="teardown()[pri:0, instance:com.payment.qa.testcases.PaymentDetailsPageTest@28c4711c]" started-at="2021-06-02T09:42:29 IST" name="teardown" finished-at="1970-01-01T05:30:00 IST" duration-ms="-1622607149595" status="SKIP">
          <reporter-output>
          </reporter-output>
        </test-method> <!-- teardown -->
      </class> <!-- com.payment.qa.testcases.PaymentDetailsPageTest -->
      <class name="com.payment.qa.testcases.CustomerInformationPageTest">
        <test-method is-config="true" signature="setup()[pri:0, instance:com.payment.qa.testcases.CustomerInformationPageTest@d6da883]" started-at="2021-06-02T09:40:07 IST" name="setup" finished-at="2021-06-02T09:40:23 IST" duration-ms="15755" status="PASS">
          <reporter-output>
          </reporter-output>
        </test-method> <!-- setup -->
        <test-method signature="CustomerInformationTitleTest()[pri:1, instance:com.payment.qa.testcases.CustomerInformationPageTest@d6da883]" started-at="2021-06-02T09:40:23 IST" name="CustomerInformationTitleTest" finished-at="2021-06-02T09:40:23 IST" duration-ms="13" status="PASS">
          <reporter-output>
          </reporter-output>
        </test-method> <!-- CustomerInformationTitleTest -->
        <test-method is-config="true" signature="teardown()[pri:0, instance:com.payment.qa.testcases.CustomerInformationPageTest@d6da883]" started-at="2021-06-02T09:40:23 IST" name="teardown" finished-at="2021-06-02T09:40:23 IST" duration-ms="180" status="PASS">
          <reporter-output>
          </reporter-output>
        </test-method> <!-- teardown -->
        <test-method is-config="true" signature="setup()[pri:0, instance:com.payment.qa.testcases.CustomerInformationPageTest@d6da883]" started-at="2021-06-02T09:40:23 IST" name="setup" finished-at="2021-06-02T09:40:32 IST" duration-ms="8476" status="PASS">
          <reporter-output>
          </reporter-output>
        </test-method> <!-- setup -->
        <test-method signature="CustomerInformationLogoTest()[pri:2, instance:com.payment.qa.testcases.CustomerInformationPageTest@d6da883]" started-at="2021-06-02T09:40:32 IST" name="CustomerInformationLogoTest" finished-at="2021-06-02T09:40:32 IST" duration-ms="107" status="PASS">
          <reporter-output>
          </reporter-output>
        </test-method> <!-- CustomerInformationLogoTest -->
        <test-method is-config="true" signature="teardown()[pri:0, instance:com.payment.qa.testcases.CustomerInformationPageTest@d6da883]" started-at="2021-06-02T09:40:32 IST" name="teardown" finished-at="2021-06-02T09:40:32 IST" duration-ms="143" status="PASS">
          <reporter-output>
          </reporter-output>
        </test-method> <!-- teardown -->
        <test-method is-config="true" signature="setup()[pri:0, instance:com.payment.qa.testcases.CustomerInformationPageTest@d6da883]" started-at="2021-06-02T09:40:32 IST" name="setup" finished-at="2021-06-02T09:40:39 IST" duration-ms="6581" status="PASS">
          <reporter-output>
          </reporter-output>
        </test-method> <!-- setup -->
        <test-method signature="CustomerInformationStoreNameTest()[pri:3, instance:com.payment.qa.testcases.CustomerInformationPageTest@d6da883]" started-at="2021-06-02T09:40:39 IST" name="CustomerInformationStoreNameTest" finished-at="2021-06-02T09:40:39 IST" duration-ms="51" status="PASS">
          <reporter-output>
          </reporter-output>
        </test-method> <!-- CustomerInformationStoreNameTest -->
        <test-method is-config="true" signature="teardown()[pri:0, instance:com.payment.qa.testcases.CustomerInformationPageTest@d6da883]" started-at="2021-06-02T09:40:39 IST" name="teardown" finished-at="2021-06-02T09:40:39 IST" duration-ms="176" status="PASS">
          <reporter-output>
          </reporter-output>
        </test-method> <!-- teardown -->
        <test-method is-config="true" signature="setup()[pri:0, instance:com.payment.qa.testcases.CustomerInformationPageTest@d6da883]" started-at="2021-06-02T09:40:40 IST" name="setup" finished-at="2021-06-02T09:40:48 IST" duration-ms="8049" status="PASS">
          <reporter-output>
          </reporter-output>
        </test-method> <!-- setup -->
        <test-method signature="CreateNewData(java.lang.String,java.lang.String,java.lang.String,java.lang.String,java.lang.String)[pri:4, instance:com.payment.qa.testcases.CustomerInformationPageTest@d6da883]" started-at="2021-06-02T09:40:48 IST" name="CreateNewData" data-provider="getCustomerData" finished-at="2021-06-02T09:40:49 IST" duration-ms="884" status="PASS">
          <params>
            <param index="0">
              <value>
                <![CDATA[Ambrish]]>
              </value>
            </param>
            <param index="1">
              <value>
                <![CDATA[a@example.com]]>
              </value>
            </param>
            <param index="2">
              <value>
                <![CDATA[9098007752]]>
              </value>
            </param>
            <param index="3">
              <value>
                <![CDATA[1]]>
              </value>
            </param>
            <param index="4">
              <value>
                <![CDATA[Test]]>
              </value>
            </param>
          </params>
          <reporter-output>
          </reporter-output>
        </test-method> <!-- CreateNewData -->
        <test-method is-config="true" signature="teardown()[pri:0, instance:com.payment.qa.testcases.CustomerInformationPageTest@d6da883]" started-at="2021-06-02T09:40:49 IST" name="teardown" finished-at="2021-06-02T09:40:49 IST" duration-ms="167" status="PASS">
          <reporter-output>
          </reporter-output>
        </test-method> <!-- teardown -->
        <test-method is-config="true" signature="setup()[pri:0, instance:com.payment.qa.testcases.CustomerInformationPageTest@d6da883]" started-at="2021-06-02T09:40:49 IST" name="setup" finished-at="2021-06-02T09:40:54 IST" duration-ms="5326" status="PASS">
          <reporter-output>
          </reporter-output>
        </test-method> <!-- setup -->
        <test-method signature="CreateNewData(java.lang.String,java.lang.String,java.lang.String,java.lang.String,java.lang.String)[pri:4, instance:com.payment.qa.testcases.CustomerInformationPageTest@d6da883]" started-at="2021-06-02T09:40:54 IST" name="CreateNewData" data-provider="getCustomerData" finished-at="2021-06-02T09:40:55 IST" duration-ms="762" status="PASS">
          <params>
            <param index="0">
              <value>
                <![CDATA[Test]]>
              </value>
            </param>
            <param index="1">
              <value>
                <![CDATA[t@example.com]]>
              </value>
            </param>
            <param index="2">
              <value>
                <![CDATA[9098007752]]>
              </value>
            </param>
            <param index="3">
              <value>
                <![CDATA[1]]>
              </value>
            </param>
            <param index="4">
              <value>
                <![CDATA[test]]>
              </value>
            </param>
          </params>
          <reporter-output>
          </reporter-output>
        </test-method> <!-- CreateNewData -->
        <test-method is-config="true" signature="teardown()[pri:0, instance:com.payment.qa.testcases.CustomerInformationPageTest@d6da883]" started-at="2021-06-02T09:40:55 IST" name="teardown" finished-at="2021-06-02T09:40:55 IST" duration-ms="182" status="PASS">
          <reporter-output>
          </reporter-output>
        </test-method> <!-- teardown -->
        <test-method is-config="true" signature="setup()[pri:0, instance:com.payment.qa.testcases.CustomerInformationPageTest@d6da883]" started-at="2021-06-02T09:40:55 IST" name="setup" finished-at="2021-06-02T09:41:04 IST" duration-ms="8390" status="PASS">
          <reporter-output>
          </reporter-output>
        </test-method> <!-- setup -->
        <test-method signature="CreateNewData(java.lang.String,java.lang.String,java.lang.String,java.lang.String,java.lang.String)[pri:4, instance:com.payment.qa.testcases.CustomerInformationPageTest@d6da883]" started-at="2021-06-02T09:41:04 IST" name="CreateNewData" data-provider="getCustomerData" finished-at="2021-06-02T09:41:04 IST" duration-ms="721" status="PASS">
          <params>
            <param index="0">
              <value>
                <![CDATA[hero]]>
              </value>
            </param>
            <param index="1">
              <value>
                <![CDATA[h@example.com]]>
              </value>
            </param>
            <param index="2">
              <value>
                <![CDATA[9098007752]]>
              </value>
            </param>
            <param index="3">
              <value>
                <![CDATA[18]]>
              </value>
            </param>
            <param index="4">
              <value>
                <![CDATA[hest]]>
              </value>
            </param>
          </params>
          <reporter-output>
          </reporter-output>
        </test-method> <!-- CreateNewData -->
        <test-method is-config="true" signature="teardown()[pri:0, instance:com.payment.qa.testcases.CustomerInformationPageTest@d6da883]" started-at="2021-06-02T09:41:04 IST" name="teardown" finished-at="2021-06-02T09:41:05 IST" duration-ms="157" status="PASS">
          <reporter-output>
          </reporter-output>
        </test-method> <!-- teardown -->
      </class> <!-- com.payment.qa.testcases.CustomerInformationPageTest -->
      <class name="com.payment.qa.testcases.NetBankingPageTest">
        <test-method is-config="true" signature="setup()[pri:0, instance:com.payment.qa.testcases.NetBankingPageTest@59717824]" started-at="2021-06-02T09:42:29 IST" name="setup" finished-at="2021-06-02T09:42:37 IST" duration-ms="7740" status="PASS">
          <reporter-output>
          </reporter-output>
        </test-method> <!-- setup -->
        <test-method signature="CustomerInformationTitleTest()[pri:1, instance:com.payment.qa.testcases.NetBankingPageTest@59717824]" started-at="2021-06-02T09:42:37 IST" name="CustomerInformationTitleTest" finished-at="2021-06-02T09:42:37 IST" duration-ms="13" status="PASS">
          <reporter-output>
          </reporter-output>
        </test-method> <!-- CustomerInformationTitleTest -->
        <test-method is-config="true" signature="teardown()[pri:0, instance:com.payment.qa.testcases.NetBankingPageTest@59717824]" started-at="2021-06-02T09:42:37 IST" name="teardown" finished-at="2021-06-02T09:42:37 IST" duration-ms="133" status="PASS">
          <reporter-output>
          </reporter-output>
        </test-method> <!-- teardown -->
        <test-method is-config="true" signature="setup()[pri:0, instance:com.payment.qa.testcases.NetBankingPageTest@59717824]" started-at="2021-06-02T09:42:37 IST" name="setup" finished-at="2021-06-02T09:42:48 IST" duration-ms="10704" status="PASS">
          <reporter-output>
          </reporter-output>
        </test-method> <!-- setup -->
        <test-method signature="CustomerInformationLogoTest()[pri:2, instance:com.payment.qa.testcases.NetBankingPageTest@59717824]" started-at="2021-06-02T09:42:48 IST" name="CustomerInformationLogoTest" finished-at="2021-06-02T09:42:48 IST" duration-ms="55" status="PASS">
          <reporter-output>
          </reporter-output>
        </test-method> <!-- CustomerInformationLogoTest -->
        <test-method is-config="true" signature="teardown()[pri:0, instance:com.payment.qa.testcases.NetBankingPageTest@59717824]" started-at="2021-06-02T09:42:48 IST" name="teardown" finished-at="2021-06-02T09:42:48 IST" duration-ms="211" status="PASS">
          <reporter-output>
          </reporter-output>
        </test-method> <!-- teardown -->
        <test-method is-config="true" signature="setup()[pri:0, instance:com.payment.qa.testcases.NetBankingPageTest@59717824]" started-at="2021-06-02T09:42:48 IST" name="setup" finished-at="2021-06-02T09:42:54 IST" duration-ms="6176" status="PASS">
          <reporter-output>
          </reporter-output>
        </test-method> <!-- setup -->
        <test-method signature="VerifyProceedBtnTest()[pri:3, instance:com.payment.qa.testcases.NetBankingPageTest@59717824]" started-at="2021-06-02T09:42:54 IST" name="VerifyProceedBtnTest" finished-at="2021-06-02T09:42:54 IST" duration-ms="48" status="PASS">
          <reporter-output>
          </reporter-output>
        </test-method> <!-- VerifyProceedBtnTest -->
        <test-method is-config="true" signature="teardown()[pri:0, instance:com.payment.qa.testcases.NetBankingPageTest@59717824]" started-at="2021-06-02T09:42:54 IST" name="teardown" finished-at="2021-06-02T09:42:54 IST" duration-ms="184" status="PASS">
          <reporter-output>
          </reporter-output>
        </test-method> <!-- teardown -->
        <test-method is-config="true" signature="setup()[pri:0, instance:com.payment.qa.testcases.NetBankingPageTest@59717824]" started-at="2021-06-02T09:42:54 IST" name="setup" finished-at="2021-06-02T09:43:01 IST" duration-ms="6781" status="PASS">
          <reporter-output>
          </reporter-output>
        </test-method> <!-- setup -->
        <test-method signature="SelectBankTest()[pri:4, instance:com.payment.qa.testcases.NetBankingPageTest@59717824]" started-at="2021-06-02T09:43:01 IST" name="SelectBankTest" finished-at="2021-06-02T09:43:17 IST" duration-ms="15448" status="PASS">
          <reporter-output>
          </reporter-output>
        </test-method> <!-- SelectBankTest -->
        <test-method is-config="true" signature="teardown()[pri:0, instance:com.payment.qa.testcases.NetBankingPageTest@59717824]" started-at="2021-06-02T09:43:17 IST" name="teardown" finished-at="2021-06-02T09:43:17 IST" duration-ms="299" status="PASS">
          <reporter-output>
          </reporter-output>
        </test-method> <!-- teardown -->
      </class> <!-- com.payment.qa.testcases.NetBankingPageTest -->
      <class name="com.payment.qa.testcases.UpiPageTest">
        <test-method is-config="true" signature="setup()[pri:0, instance:com.payment.qa.testcases.UpiPageTest@146044d7]" started-at="2021-06-02T09:43:17 IST" name="setup" finished-at="2021-06-02T09:43:23 IST" duration-ms="6571" status="PASS">
          <reporter-output>
          </reporter-output>
        </test-method> <!-- setup -->
        <test-method signature="VerifyUPIOptionSelectedTest()[pri:1, instance:com.payment.qa.testcases.UpiPageTest@146044d7]" started-at="2021-06-02T09:43:23 IST" name="VerifyUPIOptionSelectedTest" finished-at="2021-06-02T09:43:24 IST" duration-ms="44" status="PASS">
          <reporter-output>
          </reporter-output>
        </test-method> <!-- VerifyUPIOptionSelectedTest -->
        <test-method is-config="true" signature="teardown()[pri:0, instance:com.payment.qa.testcases.UpiPageTest@146044d7]" started-at="2021-06-02T09:43:24 IST" name="teardown" finished-at="2021-06-02T09:43:24 IST" duration-ms="185" status="PASS">
          <reporter-output>
          </reporter-output>
        </test-method> <!-- teardown -->
        <test-method is-config="true" signature="setup()[pri:0, instance:com.payment.qa.testcases.UpiPageTest@146044d7]" started-at="2021-06-02T09:43:24 IST" name="setup" finished-at="2021-06-02T09:43:30 IST" duration-ms="6181" status="PASS">
          <reporter-output>
          </reporter-output>
        </test-method> <!-- setup -->
        <test-method signature="VerifyUPIFieldAvailableTest()[pri:2, instance:com.payment.qa.testcases.UpiPageTest@146044d7]" started-at="2021-06-02T09:43:30 IST" name="VerifyUPIFieldAvailableTest" finished-at="2021-06-02T09:43:30 IST" duration-ms="81" status="PASS">
          <reporter-output>
          </reporter-output>
        </test-method> <!-- VerifyUPIFieldAvailableTest -->
        <test-method is-config="true" signature="teardown()[pri:0, instance:com.payment.qa.testcases.UpiPageTest@146044d7]" started-at="2021-06-02T09:43:30 IST" name="teardown" finished-at="2021-06-02T09:43:30 IST" duration-ms="185" status="PASS">
          <reporter-output>
          </reporter-output>
        </test-method> <!-- teardown -->
        <test-method is-config="true" signature="setup()[pri:0, instance:com.payment.qa.testcases.UpiPageTest@146044d7]" started-at="2021-06-02T09:43:30 IST" name="setup" finished-at="2021-06-02T09:43:36 IST" duration-ms="6088" status="PASS">
          <reporter-output>
          </reporter-output>
        </test-method> <!-- setup -->
        <test-method signature="verifyPayButtonTest()[pri:3, instance:com.payment.qa.testcases.UpiPageTest@146044d7]" started-at="2021-06-02T09:43:36 IST" name="verifyPayButtonTest" finished-at="2021-06-02T09:43:38 IST" duration-ms="1734" status="PASS">
          <reporter-output>
          </reporter-output>
        </test-method> <!-- verifyPayButtonTest -->
        <test-method is-config="true" signature="teardown()[pri:0, instance:com.payment.qa.testcases.UpiPageTest@146044d7]" started-at="2021-06-02T09:43:38 IST" name="teardown" finished-at="2021-06-02T09:43:38 IST" duration-ms="174" status="PASS">
          <reporter-output>
          </reporter-output>
        </test-method> <!-- teardown -->
      </class> <!-- com.payment.qa.testcases.UpiPageTest -->
      <class name="com.payment.qa.testcases.CouponCodePageTest">
        <test-method is-config="true" signature="setup()[pri:0, instance:com.payment.qa.testcases.CouponCodePageTest@38364841]" started-at="2021-06-02T09:41:05 IST" name="setup" finished-at="2021-06-02T09:41:11 IST" duration-ms="6801" status="PASS">
          <reporter-output>
          </reporter-output>
        </test-method> <!-- setup -->
        <test-method signature="VerifyTitleOnCouponPageTest()[pri:1, instance:com.payment.qa.testcases.CouponCodePageTest@38364841]" started-at="2021-06-02T09:41:11 IST" name="VerifyTitleOnCouponPageTest" finished-at="2021-06-02T09:41:11 IST" duration-ms="16" status="PASS">
          <reporter-output>
          </reporter-output>
        </test-method> <!-- VerifyTitleOnCouponPageTest -->
        <test-method is-config="true" signature="teardown()[pri:0, instance:com.payment.qa.testcases.CouponCodePageTest@38364841]" started-at="2021-06-02T09:41:11 IST" name="teardown" finished-at="2021-06-02T09:41:12 IST" duration-ms="178" status="PASS">
          <reporter-output>
          </reporter-output>
        </test-method> <!-- teardown -->
        <test-method is-config="true" signature="setup()[pri:0, instance:com.payment.qa.testcases.CouponCodePageTest@38364841]" started-at="2021-06-02T09:41:12 IST" name="setup" finished-at="2021-06-02T09:41:17 IST" duration-ms="4971" status="PASS">
          <reporter-output>
          </reporter-output>
        </test-method> <!-- setup -->
        <test-method signature="CustomerInformationStoreNameTest()[pri:2, instance:com.payment.qa.testcases.CouponCodePageTest@38364841]" started-at="2021-06-02T09:41:17 IST" name="CustomerInformationStoreNameTest" finished-at="2021-06-02T09:41:17 IST" duration-ms="62" status="PASS">
          <reporter-output>
          </reporter-output>
        </test-method> <!-- CustomerInformationStoreNameTest -->
        <test-method is-config="true" signature="teardown()[pri:0, instance:com.payment.qa.testcases.CouponCodePageTest@38364841]" started-at="2021-06-02T09:41:17 IST" name="teardown" finished-at="2021-06-02T09:41:17 IST" duration-ms="137" status="PASS">
          <reporter-output>
          </reporter-output>
        </test-method> <!-- teardown -->
        <test-method is-config="true" signature="setup()[pri:0, instance:com.payment.qa.testcases.CouponCodePageTest@38364841]" started-at="2021-06-02T09:41:17 IST" name="setup" finished-at="2021-06-02T09:41:23 IST" duration-ms="6283" status="PASS">
          <reporter-output>
          </reporter-output>
        </test-method> <!-- setup -->
        <test-method signature="VerifyCouponCodeLabelTest()[pri:3, instance:com.payment.qa.testcases.CouponCodePageTest@38364841]" started-at="2021-06-02T09:41:23 IST" name="VerifyCouponCodeLabelTest" finished-at="2021-06-02T09:41:23 IST" duration-ms="78" status="PASS">
          <reporter-output>
          </reporter-output>
        </test-method> <!-- VerifyCouponCodeLabelTest -->
        <test-method is-config="true" signature="teardown()[pri:0, instance:com.payment.qa.testcases.CouponCodePageTest@38364841]" started-at="2021-06-02T09:41:23 IST" name="teardown" finished-at="2021-06-02T09:41:23 IST" duration-ms="142" status="PASS">
          <reporter-output>
          </reporter-output>
        </test-method> <!-- teardown -->
        <test-method is-config="true" signature="setup()[pri:0, instance:com.payment.qa.testcases.CouponCodePageTest@38364841]" started-at="2021-06-02T09:41:23 IST" name="setup" finished-at="2021-06-02T09:41:29 IST" duration-ms="6213" status="PASS">
          <reporter-output>
          </reporter-output>
        </test-method> <!-- setup -->
        <test-method signature="VerifyCouponCodeFieldTest()[pri:4, instance:com.payment.qa.testcases.CouponCodePageTest@38364841]" started-at="2021-06-02T09:41:29 IST" name="VerifyCouponCodeFieldTest" finished-at="2021-06-02T09:41:30 IST" duration-ms="76" status="PASS">
          <reporter-output>
          </reporter-output>
        </test-method> <!-- VerifyCouponCodeFieldTest -->
        <test-method is-config="true" signature="teardown()[pri:0, instance:com.payment.qa.testcases.CouponCodePageTest@38364841]" started-at="2021-06-02T09:41:30 IST" name="teardown" finished-at="2021-06-02T09:41:30 IST" duration-ms="192" status="PASS">
          <reporter-output>
          </reporter-output>
        </test-method> <!-- teardown -->
        <test-method is-config="true" signature="setup()[pri:0, instance:com.payment.qa.testcases.CouponCodePageTest@38364841]" started-at="2021-06-02T09:41:30 IST" name="setup" finished-at="2021-06-02T09:41:36 IST" duration-ms="5976" status="PASS">
          <reporter-output>
          </reporter-output>
        </test-method> <!-- setup -->
        <test-method signature="VerifyApplyButtonTest()[pri:5, instance:com.payment.qa.testcases.CouponCodePageTest@38364841]" started-at="2021-06-02T09:41:36 IST" name="VerifyApplyButtonTest" finished-at="2021-06-02T09:41:36 IST" duration-ms="80" status="PASS">
          <reporter-output>
          </reporter-output>
        </test-method> <!-- VerifyApplyButtonTest -->
        <test-method is-config="true" signature="teardown()[pri:0, instance:com.payment.qa.testcases.CouponCodePageTest@38364841]" started-at="2021-06-02T09:41:36 IST" name="teardown" finished-at="2021-06-02T09:41:36 IST" duration-ms="204" status="PASS">
          <reporter-output>
          </reporter-output>
        </test-method> <!-- teardown -->
        <test-method is-config="true" signature="setup()[pri:0, instance:com.payment.qa.testcases.CouponCodePageTest@38364841]" started-at="2021-06-02T09:41:36 IST" name="setup" finished-at="2021-06-02T09:41:42 IST" duration-ms="6281" status="PASS">
          <reporter-output>
          </reporter-output>
        </test-method> <!-- setup -->
        <test-method signature="VerifyApplyOfferButton()[pri:5, instance:com.payment.qa.testcases.CouponCodePageTest@38364841]" started-at="2021-06-02T09:41:42 IST" name="VerifyApplyOfferButton" finished-at="2021-06-02T09:41:43 IST" duration-ms="289" status="PASS">
          <reporter-output>
          </reporter-output>
        </test-method> <!-- VerifyApplyOfferButton -->
        <test-method is-config="true" signature="teardown()[pri:0, instance:com.payment.qa.testcases.CouponCodePageTest@38364841]" started-at="2021-06-02T09:41:43 IST" name="teardown" finished-at="2021-06-02T09:41:43 IST" duration-ms="180" status="PASS">
          <reporter-output>
          </reporter-output>
        </test-method> <!-- teardown -->
      </class> <!-- com.payment.qa.testcases.CouponCodePageTest -->
    </test> <!-- Unique Url Pages Test Cases -->
  </suite> <!-- Unique Url Payment Page Automation Test Suite -->
</testng-results>
